<?xml version="1.0" encoding="UTF-8" ?>
<testsuites>
  <testsuite errors="0" failures="0" hostname="IUSA17212" id="0" name="MakeRequestTest" package="com.xstreamcompare.request" tests="400" time="392.176" timestamp="2013-01-03T23:49:04">
      <properties>
[...]
</properties>

      <testcase classname="com.xstreamcompare.request.MakeRequestTest" name="0216: &#xa;" time="6.087" />

      <testcase classname="com.xstreamcompare.request.MakeRequestTest" name="0217: &#xa;" time="4.583" />

      <testcase classname="com.xstreamcompare.request.MakeRequestTest" name="0218: &#xa;" time="2.405" />

      <testcase classname="com.xstreamcompare.request.MakeRequestTest" name="0219: &#xa;" time="1.047" />

      <testcase classname="com.xstreamcompare.request.MakeRequestTest" name="0220: &#xa;" time="1.05" />

      <testcase classname="com.xstreamcompare.request.MakeRequestTest" name="0221: &#xa;" time="0.99" />

      <testcase classname="com.xstreamcompare.request.MakeRequestTest" name="0222: &#xa;" time="3.919" />

      <testcase classname="com.xstreamcompare.request.MakeRequestTest" name="0223: &#xa;" time="2.103" />

      <testcase classname="com.xstreamcompare.request.MakeRequestTest" name="0224: &#xa;" time="1.917" />

      <testcase classname="com.xstreamcompare.request.MakeRequestTest" name="0225: &#xa;" time="0.041" />

      <testcase classname="com.xstreamcompare.request.MakeRequestTest" name="0226: &#xa;" time="0.874" />

      <testcase classname="com.xstreamcompare.request.MakeRequestTest" name="0227: &#xa;" time="0.891" />

      <testcase classname="com.xstreamcompare.request.MakeRequestTest" name="0228: &#xa;" time="0.956" />

      <testcase classname="com.xstreamcompare.request.MakeRequestTest" name="0229: &#xa;" time="0.041" />

      <testcase classname="com.xstreamcompare.request.MakeRequestTest" name="0230: &#xa;" time="0.028" />

      <testcase classname="com.xstreamcompare.request.MakeRequestTest" name="0231: &#xa;" time="2.411" />

      <testcase classname="com.xstreamcompare.request.MakeRequestTest" name="0232: &#xa;" time="0.027" />

      <testcase classname="com.xstreamcompare.request.MakeRequestTest" name="0233: &#xa;" time="4.107" />

      <testcase classname="com.xstreamcompare.request.MakeRequestTest" name="0234: &#xa;" time="1.548" />

      <testcase classname="com.xstreamcompare.request.MakeRequestTest" name="0235: &#xa;" time="1.383" />

      <testcase classname="com.xstreamcompare.request.MakeRequestTest" name="0236: &#xa;" time="0.779" />

      <testcase classname="com.xstreamcompare.request.MakeRequestTest" name="0237: &#xa;" time="1.06" />

      <testcase classname="com.xstreamcompare.request.MakeRequestTest" name="0238: &#xa;" time="0.871" />

      <testcase classname="com.xstreamcompare.request.MakeRequestTest" name="0239: &#xa;" time="3.422" />

      <testcase classname="com.xstreamcompare.request.MakeRequestTest" name="0240: &#xa;" time="1.107" />

      <testcase classname="com.xstreamcompare.request.MakeRequestTest" name="0241: &#xa;" time="1.212" />

      <testcase classname="com.xstreamcompare.request.MakeRequestTest" name="0242: &#xa;" time="1.101" />

      <testcase classname="com.xstreamcompare.request.MakeRequestTest" name="0243: &#xa;" time="0.91" />

      <testcase classname="com.xstreamcompare.request.MakeRequestTest" name="0244: &#xa;" time="0.915" />

      <testcase classname="com.xstreamcompare.request.MakeRequestTest" name="0245: &#xa;" time="0.912" />

      <testcase classname="com.xstreamcompare.request.MakeRequestTest" name="0246: &#xa;" time="0.917" />

      <testcase classname="com.xstreamcompare.request.MakeRequestTest" name="0247: &#xa;" time="1.356" />

      <testcase classname="com.xstreamcompare.request.MakeRequestTest" name="0248: &#xa;" time="0.559" />

      <testcase classname="com.xstreamcompare.request.MakeRequestTest" name="0249: &#xa;" time="1.058" />

      <testcase classname="com.xstreamcompare.request.MakeRequestTest" name="0250: &#xa;" time="0.52" />

      <testcase classname="com.xstreamcompare.request.MakeRequestTest" name="0251: &#xa;" time="1.224" />

      <testcase classname="com.xstreamcompare.request.MakeRequestTest" name="0252: &#xa;" time="0.573" />

      <testcase classname="com.xstreamcompare.request.MakeRequestTest" name="0253: &#xa;" time="0.84" />

      <testcase classname="com.xstreamcompare.request.MakeRequestTest" name="0254: &#xa;" time="0.65" />

      <testcase classname="com.xstreamcompare.request.MakeRequestTest" name="0255: &#xa;" time="0.952" />

      <testcase classname="com.xstreamcompare.request.MakeRequestTest" name="0256: &#xa;" time="0.568" />

      <testcase classname="com.xstreamcompare.request.MakeRequestTest" name="0257: &#xa;" time="0.84" />

      <testcase classname="com.xstreamcompare.request.MakeRequestTest" name="0258: &#xa;" time="0.548" />

      <testcase classname="com.xstreamcompare.request.MakeRequestTest" name="0259: &#xa;" time="1.364" />

      <testcase classname="com.xstreamcompare.request.MakeRequestTest" name="0260: &#xa;" time="0.609" />

      <testcase classname="com.xstreamcompare.request.MakeRequestTest" name="0261: &#xa;" time="0.802" />

      <testcase classname="com.xstreamcompare.request.MakeRequestTest" name="0262: &#xa;" time="0.537" />

      <testcase classname="com.xstreamcompare.request.MakeRequestTest" name="0263: &#xa;" time="0.697" />

      <testcase classname="com.xstreamcompare.request.MakeRequestTest" name="0264: &#xa;" time="0.562" />

      <testcase classname="com.xstreamcompare.request.MakeRequestTest" name="0265: &#xa;" time="1.256" />

      <testcase classname="com.xstreamcompare.request.MakeRequestTest" name="0266: &#xa;" time="0.608" />

      <testcase classname="com.xstreamcompare.request.MakeRequestTest" name="0267: &#xa;" time="0.774" />

      <testcase classname="com.xstreamcompare.request.MakeRequestTest" name="0268: &#xa;" time="0.747" />

      <testcase classname="com.xstreamcompare.request.MakeRequestTest" name="0269: &#xa;" time="0.986" />

      <testcase classname="com.xstreamcompare.request.MakeRequestTest" name="0270: &#xa;" time="0.691" />

      <testcase classname="com.xstreamcompare.request.MakeRequestTest" name="0271: &#xa;" time="1.103" />

      <testcase classname="com.xstreamcompare.request.MakeRequestTest" name="0272: &#xa;" time="0.594" />

      <testcase classname="com.xstreamcompare.request.MakeRequestTest" name="0273: &#xa;" time="1.258" />

      <testcase classname="com.xstreamcompare.request.MakeRequestTest" name="0274: &#xa;" time="0.554" />

      <testcase classname="com.xstreamcompare.request.MakeRequestTest" name="0275: &#xa;" time="1.422" />

      <testcase classname="com.xstreamcompare.request.MakeRequestTest" name="0276: &#xa;" time="0.604" />

      <testcase classname="com.xstreamcompare.request.MakeRequestTest" name="0277: &#xa;" time="1.285" />

      <testcase classname="com.xstreamcompare.request.MakeRequestTest" name="0278: &#xa;" time="0.605" />

      <testcase classname="com.xstreamcompare.request.MakeRequestTest" name="0279: &#xa;" time="0.919" />

      <testcase classname="com.xstreamcompare.request.MakeRequestTest" name="0280: &#xa;" time="0.55" />

      <testcase classname="com.xstreamcompare.request.MakeRequestTest" name="0281: &#xa;" time="0.975" />

      <testcase classname="com.xstreamcompare.request.MakeRequestTest" name="0282: &#xa;" time="0.563" />

      <testcase classname="com.xstreamcompare.request.MakeRequestTest" name="0283: &#xa;" time="1.156" />

      <testcase classname="com.xstreamcompare.request.MakeRequestTest" name="0284: &#xa;" time="0.541" />

      <testcase classname="com.xstreamcompare.request.MakeRequestTest" name="0285: &#xa;" time="1.31" />

      <testcase classname="com.xstreamcompare.request.MakeRequestTest" name="0286: &#xa;" time="0.569" />

      <testcase classname="com.xstreamcompare.request.MakeRequestTest" name="0287: &#xa;" time="1.286" />

      <testcase classname="com.xstreamcompare.request.MakeRequestTest" name="0288: &#xa;" time="0.665" />

      <testcase classname="com.xstreamcompare.request.MakeRequestTest" name="0289: &#xa;" time="0.883" />

      <testcase classname="com.xstreamcompare.request.MakeRequestTest" name="0290: &#xa;" time="0.556" />

      <testcase classname="com.xstreamcompare.request.MakeRequestTest" name="0291: &#xa;" time="0.766" />

      <testcase classname="com.xstreamcompare.request.MakeRequestTest" name="0292: &#xa;" time="0.523" />

      <testcase classname="com.xstreamcompare.request.MakeRequestTest" name="0293: &#xa;" time="0.908" />

      <testcase classname="com.xstreamcompare.request.MakeRequestTest" name="0294: &#xa;" time="0.635" />

      <testcase classname="com.xstreamcompare.request.MakeRequestTest" name="0295: &#xa;" time="1.011" />

      <testcase classname="com.xstreamcompare.request.MakeRequestTest" name="0296: &#xa;" time="0.643" />

      <testcase classname="com.xstreamcompare.request.MakeRequestTest" name="0297: &#xa;" time="1.348" />

      <testcase classname="com.xstreamcompare.request.MakeRequestTest" name="0298: &#xa;" time="0.598" />

      <testcase classname="com.xstreamcompare.request.MakeRequestTest" name="0299: &#xa;" time="0.747" />

      <testcase classname="com.xstreamcompare.request.MakeRequestTest" name="0300: &#xa;" time="0.538" />

      <testcase classname="com.xstreamcompare.request.MakeRequestTest" name="0301: &#xa;" time="1.221" />

      <testcase classname="com.xstreamcompare.request.MakeRequestTest" name="0302: &#xa;" time="0.607" />

      <testcase classname="com.xstreamcompare.request.MakeRequestTest" name="0303: &#xa;" time="0.813" />

      <testcase classname="com.xstreamcompare.request.MakeRequestTest" name="0304: &#xa;" time="0.554" />

      <testcase classname="com.xstreamcompare.request.MakeRequestTest" name="0305: &#xa;" time="0.731" />

      <testcase classname="com.xstreamcompare.request.MakeRequestTest" name="0306: &#xa;" time="0.556" />

      <testcase classname="com.xstreamcompare.request.MakeRequestTest" name="0307: &#xa;" time="0.756" />

      <testcase classname="com.xstreamcompare.request.MakeRequestTest" name="0308: &#xa;" time="0.599" />

      <testcase classname="com.xstreamcompare.request.MakeRequestTest" name="0309: &#xa;" time="1.426" />

      <testcase classname="com.xstreamcompare.request.MakeRequestTest" name="0310: &#xa;" time="0.704" />

      <testcase classname="com.xstreamcompare.request.MakeRequestTest" name="0311: &#xa;" time="1.128" />

      <testcase classname="com.xstreamcompare.request.MakeRequestTest" name="0312: &#xa;" time="0.536" />

      <testcase classname="com.xstreamcompare.request.MakeRequestTest" name="0313: &#xa;" time="1.17" />

      <testcase classname="com.xstreamcompare.request.MakeRequestTest" name="0314: &#xa;" time="0.584" />

      <testcase classname="com.xstreamcompare.request.MakeRequestTest" name="0315: &#xa;" time="0.863" />

      <testcase classname="com.xstreamcompare.request.MakeRequestTest" name="0316: &#xa;" time="0.59" />

      <testcase classname="com.xstreamcompare.request.MakeRequestTest" name="0317: &#xa;" time="0.751" />

      <testcase classname="com.xstreamcompare.request.MakeRequestTest" name="0318: &#xa;" time="0.547" />

      <testcase classname="com.xstreamcompare.request.MakeRequestTest" name="0319: &#xa;" time="0.824" />

      <testcase classname="com.xstreamcompare.request.MakeRequestTest" name="0320: &#xa;" time="0.618" />

      <testcase classname="com.xstreamcompare.request.MakeRequestTest" name="0321: &#xa;" time="1.023" />

      <testcase classname="com.xstreamcompare.request.MakeRequestTest" name="0322: &#xa;" time="0.626" />

      <testcase classname="com.xstreamcompare.request.MakeRequestTest" name="0323: &#xa;" time="1.352" />

      <testcase classname="com.xstreamcompare.request.MakeRequestTest" name="0324: &#xa;" time="0.595" />

      <testcase classname="com.xstreamcompare.request.MakeRequestTest" name="0325: &#xa;" time="1.166" />

      <testcase classname="com.xstreamcompare.request.MakeRequestTest" name="0326: &#xa;" time="0.604" />

      <testcase classname="com.xstreamcompare.request.MakeRequestTest" name="0327: &#xa;" time="1.119" />

      <testcase classname="com.xstreamcompare.request.MakeRequestTest" name="0328: &#xa;" time="0.699" />

      <testcase classname="com.xstreamcompare.request.MakeRequestTest" name="0329: &#xa;" time="1.245" />

      <testcase classname="com.xstreamcompare.request.MakeRequestTest" name="0330: &#xa;" time="0.574" />

      <testcase classname="com.xstreamcompare.request.MakeRequestTest" name="0331: &#xa;" time="0.944" />

      <testcase classname="com.xstreamcompare.request.MakeRequestTest" name="0332: &#xa;" time="0.559" />

      <testcase classname="com.xstreamcompare.request.MakeRequestTest" name="0333: &#xa;" time="0.753" />

      <testcase classname="com.xstreamcompare.request.MakeRequestTest" name="0334: &#xa;" time="0.622" />

      <testcase classname="com.xstreamcompare.request.MakeRequestTest" name="0335: &#xa;" time="1.126" />

      <testcase classname="com.xstreamcompare.request.MakeRequestTest" name="0336: &#xa;" time="0.654" />

      <testcase classname="com.xstreamcompare.request.MakeRequestTest" name="0337: &#xa;" time="1.134" />

      <testcase classname="com.xstreamcompare.request.MakeRequestTest" name="0338: &#xa;" time="0.594" />

      <testcase classname="com.xstreamcompare.request.MakeRequestTest" name="0339: &#xa;" time="1.417" />

      <testcase classname="com.xstreamcompare.request.MakeRequestTest" name="0340: &#xa;" time="0.653" />

      <testcase classname="com.xstreamcompare.request.MakeRequestTest" name="0341: &#xa;" time="1.058" />

      <testcase classname="com.xstreamcompare.request.MakeRequestTest" name="0342: &#xa;" time="0.667" />

      <testcase classname="com.xstreamcompare.request.MakeRequestTest" name="0343: &#xa;" time="1.58" />

      <testcase classname="com.xstreamcompare.request.MakeRequestTest" name="0344: &#xa;" time="0.524" />

      <testcase classname="com.xstreamcompare.request.MakeRequestTest" name="0345: &#xa;" time="0.938" />

      <testcase classname="com.xstreamcompare.request.MakeRequestTest" name="0346: &#xa;" time="0.547" />

      <testcase classname="com.xstreamcompare.request.MakeRequestTest" name="0347: &#xa;" time="0.773" />

      <testcase classname="com.xstreamcompare.request.MakeRequestTest" name="0348: &#xa;" time="0.558" />

      <testcase classname="com.xstreamcompare.request.MakeRequestTest" name="0349: &#xa;" time="0.907" />

      <testcase classname="com.xstreamcompare.request.MakeRequestTest" name="0350: &#xa;" time="0.496" />

      <testcase classname="com.xstreamcompare.request.MakeRequestTest" name="0351: &#xa;" time="0.786" />

      <testcase classname="com.xstreamcompare.request.MakeRequestTest" name="0352: &#xa;" time="0.703" />

      <testcase classname="com.xstreamcompare.request.MakeRequestTest" name="0353: &#xa;" time="0.981" />

      <testcase classname="com.xstreamcompare.request.MakeRequestTest" name="0354: &#xa;" time="0.673" />

      <testcase classname="com.xstreamcompare.request.MakeRequestTest" name="0355: &#xa;" time="0.956" />

      <testcase classname="com.xstreamcompare.request.MakeRequestTest" name="0356: &#xa;" time="0.553" />

      <testcase classname="com.xstreamcompare.request.MakeRequestTest" name="0357: &#xa;" time="0.868" />

      <testcase classname="com.xstreamcompare.request.MakeRequestTest" name="0358: &#xa;" time="0.593" />

      <testcase classname="com.xstreamcompare.request.MakeRequestTest" name="0359: &#xa;" time="0.75" />

      <testcase classname="com.xstreamcompare.request.MakeRequestTest" name="0360: &#xa;" time="0.62" />

      <testcase classname="com.xstreamcompare.request.MakeRequestTest" name="0361: &#xa;" time="0.724" />

      <testcase classname="com.xstreamcompare.request.MakeRequestTest" name="0362: &#xa;" time="0.556" />

      <testcase classname="com.xstreamcompare.request.MakeRequestTest" name="0363: &#xa;" time="0.883" />

      <testcase classname="com.xstreamcompare.request.MakeRequestTest" name="0364: &#xa;" time="0.587" />

      <testcase classname="com.xstreamcompare.request.MakeRequestTest" name="0365: &#xa;" time="1.183" />

      <testcase classname="com.xstreamcompare.request.MakeRequestTest" name="0366: &#xa;" time="0.652" />

      <testcase classname="com.xstreamcompare.request.MakeRequestTest" name="0367: &#xa;" time="0.554" />

      <testcase classname="com.xstreamcompare.request.MakeRequestTest" name="0368: &#xa;" time="0.547" />

      <testcase classname="com.xstreamcompare.request.MakeRequestTest" name="0369: &#xa;" time="0.845" />

      <testcase classname="com.xstreamcompare.request.MakeRequestTest" name="0370: &#xa;" time="0.539" />

      <testcase classname="com.xstreamcompare.request.MakeRequestTest" name="0371: &#xa;" time="0.706" />

      <testcase classname="com.xstreamcompare.request.MakeRequestTest" name="0372: &#xa;" time="0.495" />

      <testcase classname="com.xstreamcompare.request.MakeRequestTest" name="0373: &#xa;" time="0.992" />

      <testcase classname="com.xstreamcompare.request.MakeRequestTest" name="0374: &#xa;" time="0.58" />

      <testcase classname="com.xstreamcompare.request.MakeRequestTest" name="0375: &#xa;" time="0.872" />

      <testcase classname="com.xstreamcompare.request.MakeRequestTest" name="0376: &#xa;" time="0.545" />

      <testcase classname="com.xstreamcompare.request.MakeRequestTest" name="0377: &#xa;" time="0.856" />

      <testcase classname="com.xstreamcompare.request.MakeRequestTest" name="0378: &#xa;" time="0.543" />

      <testcase classname="com.xstreamcompare.request.MakeRequestTest" name="0379: &#xa;" time="1.034" />

      <testcase classname="com.xstreamcompare.request.MakeRequestTest" name="0380: &#xa;" time="0.528" />

      <testcase classname="com.xstreamcompare.request.MakeRequestTest" name="0381: &#xa;" time="1.194" />

      <testcase classname="com.xstreamcompare.request.MakeRequestTest" name="0382: &#xa;" time="0.555" />

      <testcase classname="com.xstreamcompare.request.MakeRequestTest" name="0383: &#xa;" time="0.839" />

      <testcase classname="com.xstreamcompare.request.MakeRequestTest" name="0384: &#xa;" time="0.566" />

      <testcase classname="com.xstreamcompare.request.MakeRequestTest" name="0385: &#xa;" time="0.724" />

      <testcase classname="com.xstreamcompare.request.MakeRequestTest" name="0386: &#xa;" time="0.619" />

      <testcase classname="com.xstreamcompare.request.MakeRequestTest" name="0387: &#xa;" time="0.641" />

      <testcase classname="com.xstreamcompare.request.MakeRequestTest" name="0388: &#xa;" time="0.513" />

      <testcase classname="com.xstreamcompare.request.MakeRequestTest" name="0389: &#xa;" time="0.636" />

      <testcase classname="com.xstreamcompare.request.MakeRequestTest" name="0390: &#xa;" time="0.552" />

      <testcase classname="com.xstreamcompare.request.MakeRequestTest" name="0391: &#xa;" time="0.953" />

      <testcase classname="com.xstreamcompare.request.MakeRequestTest" name="0392: &#xa;" time="0.575" />

      <testcase classname="com.xstreamcompare.request.MakeRequestTest" name="0393: &#xa;" time="0.925" />

      <testcase classname="com.xstreamcompare.request.MakeRequestTest" name="0394: &#xa;" time="0.716" />

      <testcase classname="com.xstreamcompare.request.MakeRequestTest" name="0395: &#xa;" time="1.054" />

      <testcase classname="com.xstreamcompare.request.MakeRequestTest" name="0396: &#xa;" time="0.552" />

      <testcase classname="com.xstreamcompare.request.MakeRequestTest" name="0397: &#xa;" time="1.004" />

      <testcase classname="com.xstreamcompare.request.MakeRequestTest" name="0398: &#xa;" time="0.563" />

      <testcase classname="com.xstreamcompare.request.MakeRequestTest" name="0399: &#xa;" time="1.138" />

      <testcase classname="com.xstreamcompare.request.MakeRequestTest" name="0400: &#xa;" time="0.654" />

      <testcase classname="com.xstreamcompare.request.MakeRequestTest" name="0401: &#xa;" time="1.057" />

      <testcase classname="com.xstreamcompare.request.MakeRequestTest" name="0402: &#xa;" time="0.551" />

      <testcase classname="com.xstreamcompare.request.MakeRequestTest" name="0403: &#xa;" time="0.78" />

      <testcase classname="com.xstreamcompare.request.MakeRequestTest" name="0404: &#xa;" time="0.555" />

      <testcase classname="com.xstreamcompare.request.MakeRequestTest" name="0405: &#xa;" time="1.196" />

      <testcase classname="com.xstreamcompare.request.MakeRequestTest" name="0406: &#xa;" time="0.572" />

      <testcase classname="com.xstreamcompare.request.MakeRequestTest" name="0407: &#xa;" time="0.851" />

      <testcase classname="com.xstreamcompare.request.MakeRequestTest" name="0408: &#xa;" time="0.517" />

      <testcase classname="com.xstreamcompare.request.MakeRequestTest" name="0409: &#xa;" time="0.884" />

      <testcase classname="com.xstreamcompare.request.MakeRequestTest" name="0410: &#xa;" time="1.9" />

      <testcase classname="com.xstreamcompare.request.MakeRequestTest" name="0411: &#xa;" time="1.362" />

      <testcase classname="com.xstreamcompare.request.MakeRequestTest" name="0412: &#xa;" time="1.515" />

      <testcase classname="com.xstreamcompare.request.MakeRequestTest" name="0413: &#xa;" time="0.902" />

      <testcase classname="com.xstreamcompare.request.MakeRequestTest" name="0414: &#xa;" time="2.085" />

      <testcase classname="com.xstreamcompare.request.MakeRequestTest" name="0415: &#xa;" time="2.125" />

      <testcase classname="com.xstreamcompare.request.MakeRequestTest" name="0416: &#xa;" time="0.831" />

      <testcase classname="com.xstreamcompare.request.MakeRequestTest" name="0417: &#xa;" time="0.516" />

      <testcase classname="com.xstreamcompare.request.MakeRequestTest" name="0418: &#xa;" time="0.702" />

      <testcase classname="com.xstreamcompare.request.MakeRequestTest" name="0419: &#xa;" time="0.707" />

      <testcase classname="com.xstreamcompare.request.MakeRequestTest" name="0420: &#xa;" time="0.605" />

      <testcase classname="com.xstreamcompare.request.MakeRequestTest" name="0421: &#xa;" time="0.766" />

      <testcase classname="com.xstreamcompare.request.MakeRequestTest" name="0422: &#xa;" time="0.923" />

      <testcase classname="com.xstreamcompare.request.MakeRequestTest" name="0423: &#xa;" time="0.517" />

      <testcase classname="com.xstreamcompare.request.MakeRequestTest" name="0424: &#xa;" time="2.269" />

      <testcase classname="com.xstreamcompare.request.MakeRequestTest" name="0425: &#xa;" time="0.952" />

      <testcase classname="com.xstreamcompare.request.MakeRequestTest" name="0426: &#xa;" time="0.897" />

      <testcase classname="com.xstreamcompare.request.MakeRequestTest" name="0427: &#xa;" time="0.995" />

      <testcase classname="com.xstreamcompare.request.MakeRequestTest" name="0428: &#xa;" time="0.886" />

      <testcase classname="com.xstreamcompare.request.MakeRequestTest" name="0429: &#xa;" time="0.899" />

      <testcase classname="com.xstreamcompare.request.MakeRequestTest" name="0430: &#xa;" time="0.908" />

      <testcase classname="com.xstreamcompare.request.MakeRequestTest" name="0431: &#xa;" time="0.95" />

      <testcase classname="com.xstreamcompare.request.MakeRequestTest" name="0432: &#xa;" time="0.971" />

      <testcase classname="com.xstreamcompare.request.MakeRequestTest" name="0433: &#xa;" time="0.953" />

      <testcase classname="com.xstreamcompare.request.MakeRequestTest" name="0434: &#xa;" time="1.026" />

      <testcase classname="com.xstreamcompare.request.MakeRequestTest" name="0435: &#xa;" time="0.98" />

      <testcase classname="com.xstreamcompare.request.MakeRequestTest" name="0436: &#xa;" time="0.03" />

      <testcase classname="com.xstreamcompare.request.MakeRequestTest" name="0437: &#xa;" time="0.037" />

      <testcase classname="com.xstreamcompare.request.MakeRequestTest" name="0438: &#xa;" time="0.026" />

      <testcase classname="com.xstreamcompare.request.MakeRequestTest" name="0439: &#xa;" time="0.035" />

      <testcase classname="com.xstreamcompare.request.MakeRequestTest" name="0440: &#xa;" time="4.079" />

      <testcase classname="com.xstreamcompare.request.MakeRequestTest" name="0441: &#xa;" time="1.376" />

      <testcase classname="com.xstreamcompare.request.MakeRequestTest" name="0442: &#xa;" time="2.555" />

      <testcase classname="com.xstreamcompare.request.MakeRequestTest" name="0443: &#xa;" time="1.522" />

      <testcase classname="com.xstreamcompare.request.MakeRequestTest" name="0444: &#xa;" time="2.583" />

      <testcase classname="com.xstreamcompare.request.MakeRequestTest" name="0445: &#xa;" time="6.625" />

      <testcase classname="com.xstreamcompare.request.MakeRequestTest" name="0446: &#xa;" time="0.449" />

      <testcase classname="com.xstreamcompare.request.MakeRequestTest" name="0447: &#xa;" time="1.522" />

      <testcase classname="com.xstreamcompare.request.MakeRequestTest" name="0448: &#xa;" time="1.337" />

      <testcase classname="com.xstreamcompare.request.MakeRequestTest" name="0449: &#xa;" time="1.35" />

      <testcase classname="com.xstreamcompare.request.MakeRequestTest" name="0450: &#xa;" time="0.027" />

      <testcase classname="com.xstreamcompare.request.MakeRequestTest" name="0451: &#xa;" time="2.539" />

      <testcase classname="com.xstreamcompare.request.MakeRequestTest" name="0452: &#xa;" time="0.025" />

      <testcase classname="com.xstreamcompare.request.MakeRequestTest" name="0453: &#xa;" time="1.086" />

      <testcase classname="com.xstreamcompare.request.MakeRequestTest" name="0454: &#xa;" time="0.899" />

      <testcase classname="com.xstreamcompare.request.MakeRequestTest" name="0455: &#xa;" time="1.721" />

      <testcase classname="com.xstreamcompare.request.MakeRequestTest" name="0456: &#xa;" time="1.203" />

      <testcase classname="com.xstreamcompare.request.MakeRequestTest" name="0457: &#xa;" time="0.871" />

      <testcase classname="com.xstreamcompare.request.MakeRequestTest" name="0458: &#xa;" time="1.478" />

      <testcase classname="com.xstreamcompare.request.MakeRequestTest" name="0459: &#xa;" time="1.785" />

      <testcase classname="com.xstreamcompare.request.MakeRequestTest" name="0460: &#xa;" time="1.571" />

      <testcase classname="com.xstreamcompare.request.MakeRequestTest" name="0461: &#xa;" time="1.181" />

      <testcase classname="com.xstreamcompare.request.MakeRequestTest" name="0462: &#xa;" time="0.54" />

      <testcase classname="com.xstreamcompare.request.MakeRequestTest" name="0463: &#xa;" time="1.363" />

      <testcase classname="com.xstreamcompare.request.MakeRequestTest" name="0464: &#xa;" time="0.601" />

      <testcase classname="com.xstreamcompare.request.MakeRequestTest" name="0465: &#xa;" time="1.355" />

      <testcase classname="com.xstreamcompare.request.MakeRequestTest" name="0466: &#xa;" time="0.638" />

      <testcase classname="com.xstreamcompare.request.MakeRequestTest" name="0467: &#xa;" time="1.406" />

      <testcase classname="com.xstreamcompare.request.MakeRequestTest" name="0468: &#xa;" time="0.661" />

      <testcase classname="com.xstreamcompare.request.MakeRequestTest" name="0469: &#xa;" time="1.556" />

      <testcase classname="com.xstreamcompare.request.MakeRequestTest" name="0470: &#xa;" time="0.573" />

      <testcase classname="com.xstreamcompare.request.MakeRequestTest" name="0471: &#xa;" time="0.969" />

      <testcase classname="com.xstreamcompare.request.MakeRequestTest" name="0472: &#xa;" time="0.649" />

      <testcase classname="com.xstreamcompare.request.MakeRequestTest" name="0473: &#xa;" time="1.385" />

      <testcase classname="com.xstreamcompare.request.MakeRequestTest" name="0474: &#xa;" time="0.65" />

      <testcase classname="com.xstreamcompare.request.MakeRequestTest" name="0475: &#xa;" time="1.315" />

      <testcase classname="com.xstreamcompare.request.MakeRequestTest" name="0476: &#xa;" time="0.668" />

      <testcase classname="com.xstreamcompare.request.MakeRequestTest" name="0477: &#xa;" time="1.276" />

      <testcase classname="com.xstreamcompare.request.MakeRequestTest" name="0478: &#xa;" time="0.667" />

      <testcase classname="com.xstreamcompare.request.MakeRequestTest" name="0479: &#xa;" time="1.431" />

      <testcase classname="com.xstreamcompare.request.MakeRequestTest" name="0480: &#xa;" time="0.525" />

      <testcase classname="com.xstreamcompare.request.MakeRequestTest" name="0481: &#xa;" time="1.346" />

      <testcase classname="com.xstreamcompare.request.MakeRequestTest" name="0482: &#xa;" time="0.534" />

      <testcase classname="com.xstreamcompare.request.MakeRequestTest" name="0483: &#xa;" time="1.308" />

      <testcase classname="com.xstreamcompare.request.MakeRequestTest" name="0484: &#xa;" time="0.548" />

      <testcase classname="com.xstreamcompare.request.MakeRequestTest" name="0485: &#xa;" time="1.169" />

      <testcase classname="com.xstreamcompare.request.MakeRequestTest" name="0486: &#xa;" time="0.639" />

      <testcase classname="com.xstreamcompare.request.MakeRequestTest" name="0487: &#xa;" time="1.428" />

      <testcase classname="com.xstreamcompare.request.MakeRequestTest" name="0488: &#xa;" time="0.757" />

      <testcase classname="com.xstreamcompare.request.MakeRequestTest" name="0489: &#xa;" time="1.294" />

      <testcase classname="com.xstreamcompare.request.MakeRequestTest" name="0490: &#xa;" time="0.609" />

      <testcase classname="com.xstreamcompare.request.MakeRequestTest" name="0491: &#xa;" time="1.47" />

      <testcase classname="com.xstreamcompare.request.MakeRequestTest" name="0492: &#xa;" time="0.647" />

      <testcase classname="com.xstreamcompare.request.MakeRequestTest" name="0493: &#xa;" time="1.142" />

      <testcase classname="com.xstreamcompare.request.MakeRequestTest" name="0494: &#xa;" time="0.673" />

      <testcase classname="com.xstreamcompare.request.MakeRequestTest" name="0495: &#xa;" time="1.294" />

      <testcase classname="com.xstreamcompare.request.MakeRequestTest" name="0496: &#xa;" time="0.727" />

      <testcase classname="com.xstreamcompare.request.MakeRequestTest" name="0497: &#xa;" time="1.33" />

      <testcase classname="com.xstreamcompare.request.MakeRequestTest" name="0498: &#xa;" time="0.599" />

      <testcase classname="com.xstreamcompare.request.MakeRequestTest" name="0499: &#xa;" time="1.466" />

      <testcase classname="com.xstreamcompare.request.MakeRequestTest" name="0500: &#xa;" time="0.749" />

      <testcase classname="com.xstreamcompare.request.MakeRequestTest" name="0501: &#xa;" time="1.498" />

      <testcase classname="com.xstreamcompare.request.MakeRequestTest" name="0502: &#xa;" time="0.69" />

      <testcase classname="com.xstreamcompare.request.MakeRequestTest" name="0503: &#xa;" time="1.586" />

      <testcase classname="com.xstreamcompare.request.MakeRequestTest" name="0504: &#xa;" time="0.607" />

      <testcase classname="com.xstreamcompare.request.MakeRequestTest" name="0505: &#xa;" time="1.458" />

      <testcase classname="com.xstreamcompare.request.MakeRequestTest" name="0506: &#xa;" time="0.543" />

      <testcase classname="com.xstreamcompare.request.MakeRequestTest" name="0507: &#xa;" time="1.552" />

      <testcase classname="com.xstreamcompare.request.MakeRequestTest" name="0508: &#xa;" time="0.69" />

      <testcase classname="com.xstreamcompare.request.MakeRequestTest" name="0509: &#xa;" time="1.479" />

      <testcase classname="com.xstreamcompare.request.MakeRequestTest" name="0510: &#xa;" time="0.625" />

      <testcase classname="com.xstreamcompare.request.MakeRequestTest" name="0511: &#xa;" time="1.617" />

      <testcase classname="com.xstreamcompare.request.MakeRequestTest" name="0512: &#xa;" time="0.665" />

      <testcase classname="com.xstreamcompare.request.MakeRequestTest" name="0513: &#xa;" time="1.424" />

      <testcase classname="com.xstreamcompare.request.MakeRequestTest" name="0514: &#xa;" time="0.652" />

      <testcase classname="com.xstreamcompare.request.MakeRequestTest" name="0515: &#xa;" time="1.269" />

      <testcase classname="com.xstreamcompare.request.MakeRequestTest" name="0516: &#xa;" time="0.567" />

      <testcase classname="com.xstreamcompare.request.MakeRequestTest" name="0517: &#xa;" time="1.197" />

      <testcase classname="com.xstreamcompare.request.MakeRequestTest" name="0518: &#xa;" time="0.57" />

      <testcase classname="com.xstreamcompare.request.MakeRequestTest" name="0519: &#xa;" time="1.06" />

      <testcase classname="com.xstreamcompare.request.MakeRequestTest" name="0520: &#xa;" time="0.54" />

      <testcase classname="com.xstreamcompare.request.MakeRequestTest" name="0521: &#xa;" time="1.334" />

      <testcase classname="com.xstreamcompare.request.MakeRequestTest" name="0522: &#xa;" time="0.629" />

      <testcase classname="com.xstreamcompare.request.MakeRequestTest" name="0523: &#xa;" time="1.558" />

      <testcase classname="com.xstreamcompare.request.MakeRequestTest" name="0524: &#xa;" time="0.545" />

      <testcase classname="com.xstreamcompare.request.MakeRequestTest" name="0525: &#xa;" time="1.005" />

      <testcase classname="com.xstreamcompare.request.MakeRequestTest" name="0526: &#xa;" time="0.679" />

      <testcase classname="com.xstreamcompare.request.MakeRequestTest" name="0527: &#xa;" time="1.565" />

      <testcase classname="com.xstreamcompare.request.MakeRequestTest" name="0528: &#xa;" time="0.677" />

      <testcase classname="com.xstreamcompare.request.MakeRequestTest" name="0529: &#xa;" time="1.497" />

      <testcase classname="com.xstreamcompare.request.MakeRequestTest" name="0530: &#xa;" time="0.577" />

      <testcase classname="com.xstreamcompare.request.MakeRequestTest" name="0531: &#xa;" time="1.228" />

      <testcase classname="com.xstreamcompare.request.MakeRequestTest" name="0532: &#xa;" time="0.637" />

      <testcase classname="com.xstreamcompare.request.MakeRequestTest" name="0533: &#xa;" time="1.26" />

      <testcase classname="com.xstreamcompare.request.MakeRequestTest" name="0534: &#xa;" time="0.635" />

      <testcase classname="com.xstreamcompare.request.MakeRequestTest" name="0535: &#xa;" time="1.069" />

      <testcase classname="com.xstreamcompare.request.MakeRequestTest" name="0536: &#xa;" time="0.686" />

      <testcase classname="com.xstreamcompare.request.MakeRequestTest" name="0537: &#xa;" time="1.084" />

      <testcase classname="com.xstreamcompare.request.MakeRequestTest" name="0538: &#xa;" time="0.687" />

      <testcase classname="com.xstreamcompare.request.MakeRequestTest" name="0539: &#xa;" time="1.352" />

      <testcase classname="com.xstreamcompare.request.MakeRequestTest" name="0540: &#xa;" time="0.647" />

      <testcase classname="com.xstreamcompare.request.MakeRequestTest" name="0541: &#xa;" time="1.332" />

      <testcase classname="com.xstreamcompare.request.MakeRequestTest" name="0542: &#xa;" time="0.68" />

      <testcase classname="com.xstreamcompare.request.MakeRequestTest" name="0543: &#xa;" time="1.107" />

      <testcase classname="com.xstreamcompare.request.MakeRequestTest" name="0544: &#xa;" time="0.698" />

      <testcase classname="com.xstreamcompare.request.MakeRequestTest" name="0545: &#xa;" time="1.378" />

      <testcase classname="com.xstreamcompare.request.MakeRequestTest" name="0546: &#xa;" time="0.697" />

      <testcase classname="com.xstreamcompare.request.MakeRequestTest" name="0547: &#xa;" time="1.033" />

      <testcase classname="com.xstreamcompare.request.MakeRequestTest" name="0548: &#xa;" time="0.658" />

      <testcase classname="com.xstreamcompare.request.MakeRequestTest" name="0549: &#xa;" time="1.235" />

      <testcase classname="com.xstreamcompare.request.MakeRequestTest" name="0550: &#xa;" time="0.586" />

      <testcase classname="com.xstreamcompare.request.MakeRequestTest" name="0551: &#xa;" time="1.207" />

      <testcase classname="com.xstreamcompare.request.MakeRequestTest" name="0552: &#xa;" time="0.56" />

      <testcase classname="com.xstreamcompare.request.MakeRequestTest" name="0553: &#xa;" time="1.441" />

      <testcase classname="com.xstreamcompare.request.MakeRequestTest" name="0554: &#xa;" time="0.734" />

      <testcase classname="com.xstreamcompare.request.MakeRequestTest" name="0555: &#xa;" time="1.407" />

      <testcase classname="com.xstreamcompare.request.MakeRequestTest" name="0556: &#xa;" time="0.663" />

      <testcase classname="com.xstreamcompare.request.MakeRequestTest" name="0557: &#xa;" time="1.328" />

      <testcase classname="com.xstreamcompare.request.MakeRequestTest" name="0558: &#xa;" time="0.7" />

      <testcase classname="com.xstreamcompare.request.MakeRequestTest" name="0559: &#xa;" time="1.426" />

      <testcase classname="com.xstreamcompare.request.MakeRequestTest" name="0560: &#xa;" time="0.665" />

      <testcase classname="com.xstreamcompare.request.MakeRequestTest" name="0561: &#xa;" time="1.531" />

      <testcase classname="com.xstreamcompare.request.MakeRequestTest" name="0562: &#xa;" time="0.659" />

      <testcase classname="com.xstreamcompare.request.MakeRequestTest" name="0563: &#xa;" time="1.278" />

      <testcase classname="com.xstreamcompare.request.MakeRequestTest" name="0564: &#xa;" time="0.66" />

      <testcase classname="com.xstreamcompare.request.MakeRequestTest" name="0565: &#xa;" time="0.947" />

      <testcase classname="com.xstreamcompare.request.MakeRequestTest" name="0566: &#xa;" time="0.706" />

      <testcase classname="com.xstreamcompare.request.MakeRequestTest" name="0567: &#xa;" time="0.947" />

      <testcase classname="com.xstreamcompare.request.MakeRequestTest" name="0568: &#xa;" time="0.553" />

      <testcase classname="com.xstreamcompare.request.MakeRequestTest" name="0569: &#xa;" time="0.926" />

      <testcase classname="com.xstreamcompare.request.MakeRequestTest" name="0570: &#xa;" time="0.55" />

      <testcase classname="com.xstreamcompare.request.MakeRequestTest" name="0571: &#xa;" time="1.018" />

      <testcase classname="com.xstreamcompare.request.MakeRequestTest" name="0572: &#xa;" time="0.65" />

      <testcase classname="com.xstreamcompare.request.MakeRequestTest" name="0573: &#xa;" time="0.923" />

      <testcase classname="com.xstreamcompare.request.MakeRequestTest" name="0574: &#xa;" time="0.751" />

      <testcase classname="com.xstreamcompare.request.MakeRequestTest" name="0575: &#xa;" time="0.913" />

      <testcase classname="com.xstreamcompare.request.MakeRequestTest" name="0576: &#xa;" time="0.602" />

      <testcase classname="com.xstreamcompare.request.MakeRequestTest" name="0577: &#xa;" time="0.96" />

      <testcase classname="com.xstreamcompare.request.MakeRequestTest" name="0578: &#xa;" time="0.658" />

      <testcase classname="com.xstreamcompare.request.MakeRequestTest" name="0579: &#xa;" time="0.927" />

      <testcase classname="com.xstreamcompare.request.MakeRequestTest" name="0580: &#xa;" time="0.748" />

      <testcase classname="com.xstreamcompare.request.MakeRequestTest" name="0581: &#xa;" time="0.925" />

      <testcase classname="com.xstreamcompare.request.MakeRequestTest" name="0582: &#xa;" time="0.616" />

      <testcase classname="com.xstreamcompare.request.MakeRequestTest" name="0583: &#xa;" time="0.721" />

      <testcase classname="com.xstreamcompare.request.MakeRequestTest" name="0584: &#xa;" time="0.644" />

      <testcase classname="com.xstreamcompare.request.MakeRequestTest" name="0585: &#xa;" time="0.927" />

      <testcase classname="com.xstreamcompare.request.MakeRequestTest" name="0586: &#xa;" time="0.64" />

      <testcase classname="com.xstreamcompare.request.MakeRequestTest" name="0587: &#xa;" time="0.919" />

      <testcase classname="com.xstreamcompare.request.MakeRequestTest" name="0588: &#xa;" time="0.73" />

      <testcase classname="com.xstreamcompare.request.MakeRequestTest" name="0589: &#xa;" time="0.734" />

      <testcase classname="com.xstreamcompare.request.MakeRequestTest" name="0590: &#xa;" time="0.66" />

      <testcase classname="com.xstreamcompare.request.MakeRequestTest" name="0591: &#xa;" time="0.872" />

      <testcase classname="com.xstreamcompare.request.MakeRequestTest" name="0592: &#xa;" time="0.622" />

      <testcase classname="com.xstreamcompare.request.MakeRequestTest" name="0593: &#xa;" time="0.996" />

      <testcase classname="com.xstreamcompare.request.MakeRequestTest" name="0594: &#xa;" time="0.767" />

      <testcase classname="com.xstreamcompare.request.MakeRequestTest" name="0595: &#xa;" time="0.959" />

      <testcase classname="com.xstreamcompare.request.MakeRequestTest" name="0596: &#xa;" time="0.749" />

      <testcase classname="com.xstreamcompare.request.MakeRequestTest" name="0597: &#xa;" time="0.932" />

      <testcase classname="com.xstreamcompare.request.MakeRequestTest" name="0598: &#xa;" time="0.619" />

      <testcase classname="com.xstreamcompare.request.MakeRequestTest" name="0599: &#xa;" time="0.97" />

      <testcase classname="com.xstreamcompare.request.MakeRequestTest" name="0600: &#xa;" time="0.649" />

      <testcase classname="com.xstreamcompare.request.MakeRequestTest" name="0601: &#xa;" time="0.998" />

      <testcase classname="com.xstreamcompare.request.MakeRequestTest" name="0602: &#xa;" time="0.593" />

      <testcase classname="com.xstreamcompare.request.MakeRequestTest" name="0603: &#xa;" time="0.944" />

      <testcase classname="com.xstreamcompare.request.MakeRequestTest" name="0604: &#xa;" time="0.725" />

      <testcase classname="com.xstreamcompare.request.MakeRequestTest" name="0605: &#xa;" time="0.93" />

      <testcase classname="com.xstreamcompare.request.MakeRequestTest" name="0606: &#xa;" time="0.717" />

      <testcase classname="com.xstreamcompare.request.MakeRequestTest" name="0607: &#xa;" time="0.933" />

      <testcase classname="com.xstreamcompare.request.MakeRequestTest" name="0608: &#xa;" time="0.706" />

      <testcase classname="com.xstreamcompare.request.MakeRequestTest" name="0609: &#xa;" time="0.946" />

      <testcase classname="com.xstreamcompare.request.MakeRequestTest" name="0610: &#xa;" time="0.568" />

      <testcase classname="com.xstreamcompare.request.MakeRequestTest" name="0611: &#xa;" time="0.872" />

      <testcase classname="com.xstreamcompare.request.MakeRequestTest" name="0612: &#xa;" time="0.936" />

      <testcase classname="com.xstreamcompare.request.MakeRequestTest" name="0613: &#xa;" time="0.566" />

      <testcase classname="com.xstreamcompare.request.MakeRequestTest" name="0614: &#xa;" time="5.56" />

      <testcase classname="com.xstreamcompare.request.MakeRequestTest" name="0615: &#xa;" time="0.768" />

      <system-out><![CDATA[Here is responseCompareRoot: C:\dev\ic3qatools\ResponseCompare\request\..
main INFO  request.MakeRequestTest - Here is requestfile: C:\dev\ic3qatools\ResponseCompare\request\..\data\infogroup
Here is requestfile: C:\dev\ic3qatools\ResponseCompare\request\..\data\infogroup
main INFO  request.MakeRequestTest - Here is requestfile: C:\dev\ic3qatools\ResponseCompare\request\..\data\infogroup
Here is requestfile: C:\dev\ic3qatools\ResponseCompare\request\..\data\infogroup
main INFO  request.Post - TestID: 0216
main INFO  request.Post - POST Request: http://localhost:1133/v1/people/count
main INFO  utils.Utilities - Here are the response headers: Server: ASP.NET Development Server/10.0.0.0Date: Thu, 03 Jan 2013 23:49:10 GMTX-AspNet-Version: 4.0.30319X-Transaction-ID: ec18d5b4f5074d029f6e3cb9623e9c55X-Log-Request-Resource-Count: 1X-Log-Response-Resource-Count: 1X-Log-Resource-Type: countsX-Log-Service-Execution-Time: 1340Content-Length: 189Cache-Control: privateContent-Type: application/xmlConnection: Close
main INFO  request.Post - TestID: 0217
main INFO  request.Post - POST Request: http://localhost:1133/v1/people/count
main INFO  utils.Utilities - Here are the response headers: Server: ASP.NET Development Server/10.0.0.0Date: Thu, 03 Jan 2013 23:49:15 GMTX-AspNet-Version: 4.0.30319X-Transaction-ID: 65d07b2999a04edcbca54e034ce4a63bX-Log-Request-Resource-Count: 1X-Log-Response-Resource-Count: 1X-Log-Resource-Type: countsX-Log-Service-Execution-Time: 1084Content-Length: 23Cache-Control: privateContent-Type: application/jsonConnection: Close
main INFO  request.Post - TestID: 0218
main INFO  request.Post - POST Request: http://localhost:1133/v1/people/count
main INFO  utils.Utilities - Here are the response headers: Server: ASP.NET Development Server/10.0.0.0Date: Thu, 03 Jan 2013 23:49:17 GMTX-AspNet-Version: 4.0.30319X-Transaction-ID: 80d6f5104d9549f588f9f7ef77780378X-Log-Request-Resource-Count: 1X-Log-Response-Resource-Count: 1X-Log-Resource-Type: countsX-Log-Service-Execution-Time: 567Content-Length: 189Cache-Control: privateContent-Type: application/xmlConnection: Close
main INFO  request.Post - TestID: 0219
main INFO  request.Post - POST Request: http://localhost:1133/v1/people/count
main INFO  utils.Utilities - Here are the response headers: Server: ASP.NET Development Server/10.0.0.0Date: Thu, 03 Jan 2013 23:49:18 GMTX-AspNet-Version: 4.0.30319X-Transaction-ID: b436589937c24816a7d5b46d2a3ffa8fX-Log-Request-Resource-Count: 1X-Log-Response-Resource-Count: 1X-Log-Resource-Type: countsX-Log-Service-Execution-Time: 232Content-Length: 19Cache-Control: privateContent-Type: application/jsonConnection: Close
main INFO  request.Post - TestID: 0220
main INFO  request.Post - POST Request: http://localhost:1133/v1/people/count
main INFO  utils.Utilities - Here are the response headers: Server: ASP.NET Development Server/10.0.0.0Date: Thu, 03 Jan 2013 23:49:19 GMTX-AspNet-Version: 4.0.30319X-Transaction-ID: 101c142a24d844afb4f7e77ce830d912X-Log-Request-Resource-Count: 1X-Log-Response-Resource-Count: 1X-Log-Resource-Type: countsX-Log-Service-Execution-Time: 241Content-Length: 186Cache-Control: privateContent-Type: application/xmlConnection: Close
main INFO  request.Post - TestID: 0221
main INFO  request.Post - POST Request: http://localhost:1133/v1/people/count
main INFO  utils.Utilities - Here are the response headers: Server: ASP.NET Development Server/10.0.0.0Date: Thu, 03 Jan 2013 23:49:20 GMTX-AspNet-Version: 4.0.30319X-Transaction-ID: ed6ba8e5fa4142bf81a3999ffd4f111bX-Log-Request-Resource-Count: 1X-Log-Response-Resource-Count: 1X-Log-Resource-Type: countsX-Log-Service-Execution-Time: 215Content-Length: 22Cache-Control: privateContent-Type: application/jsonConnection: Close
main INFO  request.Post - TestID: 0222
main INFO  request.Post - POST Request: http://localhost:1133/v1/people/count
main INFO  utils.Utilities - Here are the response headers: Server: ASP.NET Development Server/10.0.0.0Date: Thu, 03 Jan 2013 23:49:24 GMTX-AspNet-Version: 4.0.30319X-Transaction-ID: 4e6d8da6f3454a7d8f40e08d58a388eeX-Log-Request-Resource-Count: 1X-Log-Response-Resource-Count: 1X-Log-Resource-Type: countsX-Log-Service-Execution-Time: 934Content-Length: 182Cache-Control: privateContent-Type: application/xmlConnection: Close
main INFO  request.Post - TestID: 0223
main INFO  request.Post - POST Request: http://localhost:1133/v1/people/count
main INFO  utils.Utilities - Here are the response headers: Server: ASP.NET Development Server/10.0.0.0Date: Thu, 03 Jan 2013 23:49:26 GMTX-AspNet-Version: 4.0.30319X-Transaction-ID: 93cd9c7335a64b67b2f268abb874718eX-Log-Request-Resource-Count: 1X-Log-Response-Resource-Count: 1X-Log-Resource-Type: countsX-Log-Service-Execution-Time: 486Content-Length: 16Cache-Control: privateContent-Type: application/jsonConnection: Close
main INFO  request.Post - TestID: 0224
main INFO  request.Post - POST Request: http://localhost:1133/v1/people/count
main INFO  utils.Utilities - Here are the response headers: Server: ASP.NET Development Server/10.0.0.0Date: Thu, 03 Jan 2013 23:49:28 GMTX-AspNet-Version: 4.0.30319X-Transaction-ID: 05a4cb13cb7149b89c44e33e34f3ddf8X-Log-Request-Resource-Count: 1X-Log-Response-Resource-Count: 1X-Log-Resource-Type: countsX-Log-Service-Execution-Time: 441Content-Length: 16Cache-Control: privateContent-Type: application/jsonConnection: Close
main INFO  request.Post - TestID: 0225
main INFO  request.Post - POST Request: http://localhost:1133/v1/people
main INFO  utils.Utilities - Here are the response headers: Server: ASP.NET Development Server/10.0.0.0Date: Thu, 03 Jan 2013 23:49:28 GMTX-AspNet-Version: 4.0.30319X-Transaction-ID: bca2c805c9ad4bf0a7d760fbc67c475dX-Log-Service-Execution-Time: 0Content-Length: 116Cache-Control: privateContent-Type: application/jsonConnection: Close
main INFO  request.Post - TestID: 0226
main INFO  request.Post - POST Request: http://localhost:1133/v1/people/count
main INFO  utils.Utilities - Here are the response headers: Server: ASP.NET Development Server/10.0.0.0Date: Thu, 03 Jan 2013 23:49:29 GMTX-AspNet-Version: 4.0.30319X-Transaction-ID: 40339425418a4c84a7d1360ad4c0442dX-Log-Request-Resource-Count: 1X-Log-Response-Resource-Count: 1X-Log-Resource-Type: countsX-Log-Service-Execution-Time: 189Content-Length: 185Cache-Control: privateContent-Type: application/xmlConnection: Close
main INFO  request.Post - TestID: 0227
main INFO  request.Post - POST Request: http://localhost:1133/v1/people/count
main INFO  utils.Utilities - Here are the response headers: Server: ASP.NET Development Server/10.0.0.0Date: Thu, 03 Jan 2013 23:49:30 GMTX-AspNet-Version: 4.0.30319X-Transaction-ID: 08ce18c2d907453eb3fb4eb7b5136961X-Log-Request-Resource-Count: 1X-Log-Response-Resource-Count: 1X-Log-Resource-Type: countsX-Log-Service-Execution-Time: 199Content-Length: 19Cache-Control: privateContent-Type: application/jsonConnection: Close
main INFO  request.Post - TestID: 0228
main INFO  request.Post - POST Request: http://localhost:1133/v1/people/count
main INFO  utils.Utilities - Here are the response headers: Server: ASP.NET Development Server/10.0.0.0Date: Thu, 03 Jan 2013 23:49:31 GMTX-AspNet-Version: 4.0.30319X-Transaction-ID: b230369c1853486592c1eb424cd2f3faX-Log-Request-Resource-Count: 1X-Log-Response-Resource-Count: 1X-Log-Resource-Type: countsX-Log-Service-Execution-Time: 210Content-Length: 187Cache-Control: privateContent-Type: application/xmlConnection: Close
main INFO  request.Post - TestID: 0229
main INFO  request.Post - POST Request: http://localhost:1133/v1/people
main INFO  utils.Utilities - Here are the response headers: Server: ASP.NET Development Server/10.0.0.0Date: Thu, 03 Jan 2013 23:49:31 GMTX-AspNet-Version: 4.0.30319X-Transaction-ID: f16a5b5858ec46ce85e3341865dbcc14X-Log-Service-Execution-Time: 0Content-Length: 128Cache-Control: privateContent-Type: application/jsonConnection: Close
main INFO  request.Post - TestID: 0230
main INFO  request.Post - POST Request: http://localhost:1133/v1/people
main INFO  utils.Utilities - Here are the response headers: Server: ASP.NET Development Server/10.0.0.0Date: Thu, 03 Jan 2013 23:49:31 GMTX-AspNet-Version: 4.0.30319X-Transaction-ID: 799855457a4e40298338dd605e50f4edX-Log-Service-Execution-Time: 0Content-Length: 325Cache-Control: privateContent-Type: application/xmlConnection: Close
main INFO  request.Post - TestID: 0231
main INFO  request.Post - POST Request: http://localhost:1133/v1/people/count
main INFO  utils.Utilities - Here are the response headers: Server: ASP.NET Development Server/10.0.0.0Date: Thu, 03 Jan 2013 23:49:33 GMTX-AspNet-Version: 4.0.30319X-Transaction-ID: c5044f0942554a6a98b3bd311d6d3077X-Log-Request-Resource-Count: 1X-Log-Response-Resource-Count: 1X-Log-Resource-Type: countsX-Log-Service-Execution-Time: 560Content-Length: 16Cache-Control: privateContent-Type: application/jsonConnection: Close
main INFO  request.Post - TestID: 0232
main INFO  request.Post - POST Request: http://localhost:1133/v1/people
main INFO  utils.Utilities - Here are the response headers: Server: ASP.NET Development Server/10.0.0.0Date: Thu, 03 Jan 2013 23:49:34 GMTX-AspNet-Version: 4.0.30319X-Transaction-ID: a3975e8a13ef41d98acabfff37cdb774X-Log-Service-Execution-Time: 0Content-Length: 253Cache-Control: privateContent-Type: application/xmlConnection: Close
main INFO  request.Post - TestID: 0233
main INFO  request.Post - POST Request: http://localhost:1133/v1/people/count
main INFO  utils.Utilities - Here are the response headers: Server: ASP.NET Development Server/10.0.0.0Date: Thu, 03 Jan 2013 23:49:38 GMTX-AspNet-Version: 4.0.30319X-Transaction-ID: 10fc9a1c42014a3bbdb6a4aadf823016X-Log-Request-Resource-Count: 1X-Log-Response-Resource-Count: 1X-Log-Resource-Type: countsX-Log-Service-Execution-Time: 976Content-Length: 16Cache-Control: privateContent-Type: application/jsonConnection: Close
main INFO  request.Post - TestID: 0234
main INFO  request.Post - POST Request: http://localhost:1133/v1/people/count
main INFO  utils.Utilities - Here are the response headers: Server: ASP.NET Development Server/10.0.0.0Date: Thu, 03 Jan 2013 23:49:39 GMTX-AspNet-Version: 4.0.30319X-Transaction-ID: 56a1b5ea030e425b90086ce47caeb7c7X-Log-Request-Resource-Count: 1X-Log-Response-Resource-Count: 1X-Log-Resource-Type: countsX-Log-Service-Execution-Time: 356Content-Length: 186Cache-Control: privateContent-Type: application/xmlConnection: Close
main INFO  request.Post - TestID: 0235
main INFO  request.Post - POST Request: http://localhost:1133/v1/people/count
main INFO  utils.Utilities - Here are the response headers: Server: ASP.NET Development Server/10.0.0.0Date: Thu, 03 Jan 2013 23:49:41 GMTX-AspNet-Version: 4.0.30319X-Transaction-ID: 9db9edb721e84986b204fc5a5fbcc726X-Log-Request-Resource-Count: 1X-Log-Response-Resource-Count: 1X-Log-Resource-Type: countsX-Log-Service-Execution-Time: 312Content-Length: 22Cache-Control: privateContent-Type: application/jsonConnection: Close
main INFO  request.Post - TestID: 0236
main INFO  request.Post - POST Request: http://localhost:1133/v1/people/count
main INFO  utils.Utilities - Here are the response headers: Server: ASP.NET Development Server/10.0.0.0Date: Thu, 03 Jan 2013 23:49:41 GMTX-AspNet-Version: 4.0.30319X-Transaction-ID: c20b39b9aa954d088e5b8f0153fb4568X-Log-Request-Resource-Count: 1X-Log-Response-Resource-Count: 1X-Log-Resource-Type: countsX-Log-Service-Execution-Time: 169Content-Length: 187Cache-Control: privateContent-Type: application/xmlConnection: Close
main INFO  request.Post - TestID: 0237
main INFO  request.Post - POST Request: http://localhost:1133/v1/people/count
main INFO  utils.Utilities - Here are the response headers: Server: ASP.NET Development Server/10.0.0.0Date: Thu, 03 Jan 2013 23:49:42 GMTX-AspNet-Version: 4.0.30319X-Transaction-ID: e817a7efd2df4becbb437f6f84735472X-Log-Request-Resource-Count: 1X-Log-Response-Resource-Count: 1X-Log-Resource-Type: countsX-Log-Service-Execution-Time: 235Content-Length: 21Cache-Control: privateContent-Type: application/jsonConnection: Close
main INFO  request.Post - TestID: 0238
main INFO  request.Post - POST Request: http://localhost:1133/v1/people/count
main INFO  utils.Utilities - Here are the response headers: Server: ASP.NET Development Server/10.0.0.0Date: Thu, 03 Jan 2013 23:49:43 GMTX-AspNet-Version: 4.0.30319X-Transaction-ID: 583b37dae0b7493e8a0f76620f250117X-Log-Request-Resource-Count: 1X-Log-Response-Resource-Count: 1X-Log-Resource-Type: countsX-Log-Service-Execution-Time: 190Content-Length: 187Cache-Control: privateContent-Type: application/xmlConnection: Close
main INFO  request.Post - TestID: 0239
main INFO  request.Post - POST Request: http://localhost:1133/v1/people/count
main INFO  utils.Utilities - Here are the response headers: Server: ASP.NET Development Server/10.0.0.0Date: Thu, 03 Jan 2013 23:49:47 GMTX-AspNet-Version: 4.0.30319X-Transaction-ID: 148eefb462d84d6f80da735920dfd7dbX-Log-Request-Resource-Count: 1X-Log-Response-Resource-Count: 1X-Log-Resource-Type: countsX-Log-Service-Execution-Time: 811Content-Length: 22Cache-Control: privateContent-Type: application/jsonConnection: Close
main INFO  request.Post - TestID: 0240
main INFO  request.Post - POST Request: http://localhost:1133/v1/people/count
main INFO  utils.Utilities - Here are the response headers: Server: ASP.NET Development Server/10.0.0.0Date: Thu, 03 Jan 2013 23:49:48 GMTX-AspNet-Version: 4.0.30319X-Transaction-ID: dd992f98e811471eae5f64953d652dcbX-Log-Request-Resource-Count: 1X-Log-Response-Resource-Count: 1X-Log-Resource-Type: countsX-Log-Service-Execution-Time: 253Content-Length: 187Cache-Control: privateContent-Type: application/xmlConnection: Close
main INFO  request.Post - TestID: 0241
main INFO  request.Post - POST Request: http://localhost:1133/v1/people/count
main INFO  utils.Utilities - Here are the response headers: Server: ASP.NET Development Server/10.0.0.0Date: Thu, 03 Jan 2013 23:49:49 GMTX-AspNet-Version: 4.0.30319X-Transaction-ID: 3ba17b2659fa4efe8b8f33c376f08578X-Log-Request-Resource-Count: 1X-Log-Response-Resource-Count: 1X-Log-Resource-Type: countsX-Log-Service-Execution-Time: 271Content-Length: 19Cache-Control: privateContent-Type: application/jsonConnection: Close
main INFO  request.Post - TestID: 0242
main INFO  request.Post - POST Request: http://localhost:1133/v1/people/count
main INFO  utils.Utilities - Here are the response headers: Server: ASP.NET Development Server/10.0.0.0Date: Thu, 03 Jan 2013 23:49:50 GMTX-AspNet-Version: 4.0.30319X-Transaction-ID: 82e01a9a892242859fa89d7e2a9861d7X-Log-Request-Resource-Count: 1X-Log-Response-Resource-Count: 1X-Log-Resource-Type: countsX-Log-Service-Execution-Time: 246Content-Length: 184Cache-Control: privateContent-Type: application/xmlConnection: Close
main INFO  request.Post - TestID: 0243
main INFO  request.Post - POST Request: http://localhost:1133/v1/people/count
main INFO  utils.Utilities - Here are the response headers: Server: ASP.NET Development Server/10.0.0.0Date: Thu, 03 Jan 2013 23:49:51 GMTX-AspNet-Version: 4.0.30319X-Transaction-ID: b9709384271c48a6a122f976a3deb04dX-Log-Request-Resource-Count: 1X-Log-Response-Resource-Count: 1X-Log-Resource-Type: countsX-Log-Service-Execution-Time: 197Content-Length: 17Cache-Control: privateContent-Type: application/jsonConnection: Close
main INFO  request.Post - TestID: 0244
main INFO  request.Post - POST Request: http://localhost:1133/v1/people/count
main INFO  utils.Utilities - Here are the response headers: Server: ASP.NET Development Server/10.0.0.0Date: Thu, 03 Jan 2013 23:49:52 GMTX-AspNet-Version: 4.0.30319X-Transaction-ID: f74962ebd8ba43d5a00d0f00df67711fX-Log-Request-Resource-Count: 1X-Log-Response-Resource-Count: 1X-Log-Resource-Type: countsX-Log-Service-Execution-Time: 201Content-Length: 184Cache-Control: privateContent-Type: application/xmlConnection: Close
main INFO  request.Post - TestID: 0245
main INFO  request.Post - POST Request: http://localhost:1133/v1/people/count
main INFO  utils.Utilities - Here are the response headers: Server: ASP.NET Development Server/10.0.0.0Date: Thu, 03 Jan 2013 23:49:53 GMTX-AspNet-Version: 4.0.30319X-Transaction-ID: 994a7e25bd6a4c3c99bf5ddb7f2f5dfeX-Log-Request-Resource-Count: 1X-Log-Response-Resource-Count: 1X-Log-Resource-Type: countsX-Log-Service-Execution-Time: 195Content-Length: 17Cache-Control: privateContent-Type: application/jsonConnection: Close
main INFO  request.Post - TestID: 0246
main INFO  request.Post - POST Request: http://localhost:1133/v1/people/count?diag=true
main INFO  utils.Utilities - Here are the response headers: Server: ASP.NET Development Server/10.0.0.0Date: Thu, 03 Jan 2013 23:49:54 GMTX-AspNet-Version: 4.0.30319X-Transaction-ID: 45435b5a36de4f0788d1e1d8e99e486fX-Log-Request-Resource-Count: 1X-Log-Response-Resource-Count: 1X-Log-Resource-Type: countsX-Log-Service-Execution-Time: 201Content-Length: 832Cache-Control: privateContent-Type: application/jsonConnection: Close
main INFO  request.Post - TestID: 0247
main INFO  request.Post - POST Request: http://localhost:1133/v1/people/count
main INFO  utils.Utilities - Here are the response headers: Server: ASP.NET Development Server/10.0.0.0Date: Thu, 03 Jan 2013 23:49:55 GMTX-AspNet-Version: 4.0.30319X-Transaction-ID: 38b2b0b873f74ebebc4233c7263a61b7X-Log-Request-Resource-Count: 1X-Log-Response-Resource-Count: 1X-Log-Resource-Type: countsX-Log-Service-Execution-Time: 306Content-Length: 187Cache-Control: privateContent-Type: application/xmlConnection: Close
main INFO  request.Post - TestID: 0248
main INFO  request.Post - POST Request: http://localhost:1133/v1/people/count
main INFO  utils.Utilities - Here are the response headers: Server: ASP.NET Development Server/10.0.0.0Date: Thu, 03 Jan 2013 23:49:56 GMTX-AspNet-Version: 4.0.30319X-Transaction-ID: ada588a7baf04997beb3d15625d9b990X-Log-Request-Resource-Count: 1X-Log-Response-Resource-Count: 1X-Log-Resource-Type: countsX-Log-Service-Execution-Time: 115Content-Length: 186Cache-Control: privateContent-Type: application/xmlConnection: Close
main INFO  request.Post - TestID: 0249
main INFO  request.Post - POST Request: http://localhost:1133/v1/people/count
main INFO  utils.Utilities - Here are the response headers: Server: ASP.NET Development Server/10.0.0.0Date: Thu, 03 Jan 2013 23:49:57 GMTX-AspNet-Version: 4.0.30319X-Transaction-ID: c667c242cbc44d17899a7d25c8e32950X-Log-Request-Resource-Count: 1X-Log-Response-Resource-Count: 1X-Log-Resource-Type: countsX-Log-Service-Execution-Time: 234Content-Length: 21Cache-Control: privateContent-Type: application/jsonConnection: Close
main INFO  request.Post - TestID: 0250
main INFO  request.Post - POST Request: http://localhost:1133/v1/people/count
main INFO  utils.Utilities - Here are the response headers: Server: ASP.NET Development Server/10.0.0.0Date: Thu, 03 Jan 2013 23:49:57 GMTX-AspNet-Version: 4.0.30319X-Transaction-ID: 7b0220fb6d704130b9fd22839f35b049X-Log-Request-Resource-Count: 1X-Log-Response-Resource-Count: 1X-Log-Resource-Type: countsX-Log-Service-Execution-Time: 109Content-Length: 20Cache-Control: privateContent-Type: application/jsonConnection: Close
main INFO  request.Post - TestID: 0251
main INFO  request.Post - POST Request: http://localhost:1133/v1/people/count
main INFO  utils.Utilities - Here are the response headers: Server: ASP.NET Development Server/10.0.0.0Date: Thu, 03 Jan 2013 23:49:59 GMTX-AspNet-Version: 4.0.30319X-Transaction-ID: 4af943276abd4927bac82293dce07d1dX-Log-Request-Resource-Count: 1X-Log-Response-Resource-Count: 1X-Log-Resource-Type: countsX-Log-Service-Execution-Time: 276Content-Length: 21Cache-Control: privateContent-Type: application/jsonConnection: Close
main INFO  request.Post - TestID: 0252
main INFO  request.Post - POST Request: http://localhost:1133/v1/people/count
main INFO  utils.Utilities - Here are the response headers: Server: ASP.NET Development Server/10.0.0.0Date: Thu, 03 Jan 2013 23:49:59 GMTX-AspNet-Version: 4.0.30319X-Transaction-ID: 279bb55bae5f4bb4a9ba3d5cba65be09X-Log-Request-Resource-Count: 1X-Log-Response-Resource-Count: 1X-Log-Resource-Type: countsX-Log-Service-Execution-Time: 117Content-Length: 20Cache-Control: privateContent-Type: application/jsonConnection: Close
main INFO  request.Post - TestID: 0253
main INFO  request.Post - POST Request: http://localhost:1133/v1/people/count
main INFO  utils.Utilities - Here are the response headers: Server: ASP.NET Development Server/10.0.0.0Date: Thu, 03 Jan 2013 23:50:00 GMTX-AspNet-Version: 4.0.30319X-Transaction-ID: 6acaee1f739b4f4c94f0272bd212464cX-Log-Request-Resource-Count: 1X-Log-Response-Resource-Count: 1X-Log-Resource-Type: countsX-Log-Service-Execution-Time: 183Content-Length: 21Cache-Control: privateContent-Type: application/jsonConnection: Close
main INFO  request.Post - TestID: 0254
main INFO  request.Post - POST Request: http://localhost:1133/v1/people/count
main INFO  utils.Utilities - Here are the response headers: Server: ASP.NET Development Server/10.0.0.0Date: Thu, 03 Jan 2013 23:50:01 GMTX-AspNet-Version: 4.0.30319X-Transaction-ID: 95a769e3bdd941379842ec06f4aa7902X-Log-Request-Resource-Count: 1X-Log-Response-Resource-Count: 1X-Log-Resource-Type: countsX-Log-Service-Execution-Time: 136Content-Length: 21Cache-Control: privateContent-Type: application/jsonConnection: Close
main INFO  request.Post - TestID: 0255
main INFO  request.Post - POST Request: http://localhost:1133/v1/people/count
main INFO  utils.Utilities - Here are the response headers: Server: ASP.NET Development Server/10.0.0.0Date: Thu, 03 Jan 2013 23:50:02 GMTX-AspNet-Version: 4.0.30319X-Transaction-ID: d12ff07f3e654ddfabc58b7093990d37X-Log-Request-Resource-Count: 1X-Log-Response-Resource-Count: 1X-Log-Resource-Type: countsX-Log-Service-Execution-Time: 210Content-Length: 21Cache-Control: privateContent-Type: application/jsonConnection: Close
main INFO  request.Post - TestID: 0256
main INFO  request.Post - POST Request: http://localhost:1133/v1/people/count
main INFO  utils.Utilities - Here are the response headers: Server: ASP.NET Development Server/10.0.0.0Date: Thu, 03 Jan 2013 23:50:02 GMTX-AspNet-Version: 4.0.30319X-Transaction-ID: 96d884a0127f4954a868026ea1734c62X-Log-Request-Resource-Count: 1X-Log-Response-Resource-Count: 1X-Log-Resource-Type: countsX-Log-Service-Execution-Time: 114Content-Length: 20Cache-Control: privateContent-Type: application/jsonConnection: Close
main INFO  request.Post - TestID: 0257
main INFO  request.Post - POST Request: http://localhost:1133/v1/people/count
main INFO  utils.Utilities - Here are the response headers: Server: ASP.NET Development Server/10.0.0.0Date: Thu, 03 Jan 2013 23:50:03 GMTX-AspNet-Version: 4.0.30319X-Transaction-ID: d000715e0b5b47dd8d3167ccbf2335a0X-Log-Request-Resource-Count: 1X-Log-Response-Resource-Count: 1X-Log-Resource-Type: countsX-Log-Service-Execution-Time: 184Content-Length: 20Cache-Control: privateContent-Type: application/jsonConnection: Close
main INFO  request.Post - TestID: 0258
main INFO  request.Post - POST Request: http://localhost:1133/v1/people/count
main INFO  utils.Utilities - Here are the response headers: Server: ASP.NET Development Server/10.0.0.0Date: Thu, 03 Jan 2013 23:50:04 GMTX-AspNet-Version: 4.0.30319X-Transaction-ID: 75c4d21badc544849eb4d1d577618217X-Log-Request-Resource-Count: 1X-Log-Response-Resource-Count: 1X-Log-Resource-Type: countsX-Log-Service-Execution-Time: 107Content-Length: 20Cache-Control: privateContent-Type: application/jsonConnection: Close
main INFO  request.Post - TestID: 0259
main INFO  request.Post - POST Request: http://localhost:1133/v1/people/count
main INFO  utils.Utilities - Here are the response headers: Server: ASP.NET Development Server/10.0.0.0Date: Thu, 03 Jan 2013 23:50:05 GMTX-AspNet-Version: 4.0.30319X-Transaction-ID: e36d354df371438186f55bcbb8326ac5X-Log-Request-Resource-Count: 1X-Log-Response-Resource-Count: 1X-Log-Resource-Type: countsX-Log-Service-Execution-Time: 307Content-Length: 22Cache-Control: privateContent-Type: application/jsonConnection: Close
main INFO  request.Post - TestID: 0260
main INFO  request.Post - POST Request: http://localhost:1133/v1/people/count
main INFO  utils.Utilities - Here are the response headers: Server: ASP.NET Development Server/10.0.0.0Date: Thu, 03 Jan 2013 23:50:05 GMTX-AspNet-Version: 4.0.30319X-Transaction-ID: 214050939cb44e62ab0426b4c931a3a4X-Log-Request-Resource-Count: 1X-Log-Response-Resource-Count: 1X-Log-Resource-Type: countsX-Log-Service-Execution-Time: 125Content-Length: 21Cache-Control: privateContent-Type: application/jsonConnection: Close
main INFO  request.Post - TestID: 0261
main INFO  request.Post - POST Request: http://localhost:1133/v1/people/count
main INFO  utils.Utilities - Here are the response headers: Server: ASP.NET Development Server/10.0.0.0Date: Thu, 03 Jan 2013 23:50:06 GMTX-AspNet-Version: 4.0.30319X-Transaction-ID: 6e6ce125f2e1496fb3479736a21853d1X-Log-Request-Resource-Count: 1X-Log-Response-Resource-Count: 1X-Log-Resource-Type: countsX-Log-Service-Execution-Time: 169Content-Length: 20Cache-Control: privateContent-Type: application/jsonConnection: Close
main INFO  request.Post - TestID: 0262
main INFO  request.Post - POST Request: http://localhost:1133/v1/people/count
main INFO  utils.Utilities - Here are the response headers: Server: ASP.NET Development Server/10.0.0.0Date: Thu, 03 Jan 2013 23:50:07 GMTX-AspNet-Version: 4.0.30319X-Transaction-ID: 8c720ce101ae466e9635e145c9b9bd9fX-Log-Request-Resource-Count: 1X-Log-Response-Resource-Count: 1X-Log-Resource-Type: countsX-Log-Service-Execution-Time: 112Content-Length: 20Cache-Control: privateContent-Type: application/jsonConnection: Close
main INFO  request.Post - TestID: 0263
main INFO  request.Post - POST Request: http://localhost:1133/v1/people/count
main INFO  utils.Utilities - Here are the response headers: Server: ASP.NET Development Server/10.0.0.0Date: Thu, 03 Jan 2013 23:50:08 GMTX-AspNet-Version: 4.0.30319X-Transaction-ID: 225f4061745c429a8c41e9b3cef53df4X-Log-Request-Resource-Count: 1X-Log-Response-Resource-Count: 1X-Log-Resource-Type: countsX-Log-Service-Execution-Time: 148Content-Length: 20Cache-Control: privateContent-Type: application/jsonConnection: Close
main INFO  request.Post - TestID: 0264
main INFO  request.Post - POST Request: http://localhost:1133/v1/people/count
main INFO  utils.Utilities - Here are the response headers: Server: ASP.NET Development Server/10.0.0.0Date: Thu, 03 Jan 2013 23:50:08 GMTX-AspNet-Version: 4.0.30319X-Transaction-ID: 18090268034641feba88208ac5dfcd31X-Log-Request-Resource-Count: 1X-Log-Response-Resource-Count: 1X-Log-Resource-Type: countsX-Log-Service-Execution-Time: 113Content-Length: 20Cache-Control: privateContent-Type: application/jsonConnection: Close
main INFO  request.Post - TestID: 0265
main INFO  request.Post - POST Request: http://localhost:1133/v1/people/count
main INFO  utils.Utilities - Here are the response headers: Server: ASP.NET Development Server/10.0.0.0Date: Thu, 03 Jan 2013 23:50:09 GMTX-AspNet-Version: 4.0.30319X-Transaction-ID: 5bad8d4fb17e45ee8107ea96fafa7af3X-Log-Request-Resource-Count: 1X-Log-Response-Resource-Count: 1X-Log-Resource-Type: countsX-Log-Service-Execution-Time: 281Content-Length: 21Cache-Control: privateContent-Type: application/jsonConnection: Close
main INFO  request.Post - TestID: 0266
main INFO  request.Post - POST Request: http://localhost:1133/v1/people/count
main INFO  utils.Utilities - Here are the response headers: Server: ASP.NET Development Server/10.0.0.0Date: Thu, 03 Jan 2013 23:50:10 GMTX-AspNet-Version: 4.0.30319X-Transaction-ID: 27c1358fb2ba49c7832251e3d1dfdba6X-Log-Request-Resource-Count: 1X-Log-Response-Resource-Count: 1X-Log-Resource-Type: countsX-Log-Service-Execution-Time: 128Content-Length: 21Cache-Control: privateContent-Type: application/jsonConnection: Close
main INFO  request.Post - TestID: 0267
main INFO  request.Post - POST Request: http://localhost:1133/v1/people/count
main INFO  utils.Utilities - Here are the response headers: Server: ASP.NET Development Server/10.0.0.0Date: Thu, 03 Jan 2013 23:50:11 GMTX-AspNet-Version: 4.0.30319X-Transaction-ID: c185cbad279b4ff08babcd0b43cd03cfX-Log-Request-Resource-Count: 1X-Log-Response-Resource-Count: 1X-Log-Resource-Type: countsX-Log-Service-Execution-Time: 165Content-Length: 21Cache-Control: privateContent-Type: application/jsonConnection: Close
main INFO  request.Post - TestID: 0268
main INFO  request.Post - POST Request: http://localhost:1133/v1/people/count
main INFO  utils.Utilities - Here are the response headers: Server: ASP.NET Development Server/10.0.0.0Date: Thu, 03 Jan 2013 23:50:12 GMTX-AspNet-Version: 4.0.30319X-Transaction-ID: 0085e3ce26364b09b1d9d1966d31fee4X-Log-Request-Resource-Count: 1X-Log-Response-Resource-Count: 1X-Log-Resource-Type: countsX-Log-Service-Execution-Time: 162Content-Length: 21Cache-Control: privateContent-Type: application/jsonConnection: Close
main INFO  request.Post - TestID: 0269
main INFO  request.Post - POST Request: http://localhost:1133/v1/people/count
main INFO  utils.Utilities - Here are the response headers: Server: ASP.NET Development Server/10.0.0.0Date: Thu, 03 Jan 2013 23:50:12 GMTX-AspNet-Version: 4.0.30319X-Transaction-ID: 36cb9a596caf49b39dec17bded630db8X-Log-Request-Resource-Count: 1X-Log-Response-Resource-Count: 1X-Log-Resource-Type: countsX-Log-Service-Execution-Time: 214Content-Length: 21Cache-Control: privateContent-Type: application/jsonConnection: Close
main INFO  request.Post - TestID: 0270
main INFO  request.Post - POST Request: http://localhost:1133/v1/people/count
main INFO  utils.Utilities - Here are the response headers: Server: ASP.NET Development Server/10.0.0.0Date: Thu, 03 Jan 2013 23:50:13 GMTX-AspNet-Version: 4.0.30319X-Transaction-ID: 25826a41e6cf4bc7bc96f12b63e080c1X-Log-Request-Resource-Count: 1X-Log-Response-Resource-Count: 1X-Log-Resource-Type: countsX-Log-Service-Execution-Time: 119Content-Length: 21Cache-Control: privateContent-Type: application/jsonConnection: Close
main INFO  request.Post - TestID: 0271
main INFO  request.Post - POST Request: http://localhost:1133/v1/people/count
main INFO  utils.Utilities - Here are the response headers: Server: ASP.NET Development Server/10.0.0.0Date: Thu, 03 Jan 2013 23:50:14 GMTX-AspNet-Version: 4.0.30319X-Transaction-ID: 180d1896cbf04d9ab0a19b4f9bd97a01X-Log-Request-Resource-Count: 1X-Log-Response-Resource-Count: 1X-Log-Resource-Type: countsX-Log-Service-Execution-Time: 252Content-Length: 21Cache-Control: privateContent-Type: application/jsonConnection: Close
main INFO  request.Post - TestID: 0272
main INFO  request.Post - POST Request: http://localhost:1133/v1/people/count
main INFO  utils.Utilities - Here are the response headers: Server: ASP.NET Development Server/10.0.0.0Date: Thu, 03 Jan 2013 23:50:15 GMTX-AspNet-Version: 4.0.30319X-Transaction-ID: e68a3033a3734f8a8cfec498f8f97e4aX-Log-Request-Resource-Count: 1X-Log-Response-Resource-Count: 1X-Log-Resource-Type: countsX-Log-Service-Execution-Time: 120Content-Length: 21Cache-Control: privateContent-Type: application/jsonConnection: Close
main INFO  request.Post - TestID: 0273
main INFO  request.Post - POST Request: http://localhost:1133/v1/people/count
main INFO  utils.Utilities - Here are the response headers: Server: ASP.NET Development Server/10.0.0.0Date: Thu, 03 Jan 2013 23:50:16 GMTX-AspNet-Version: 4.0.30319X-Transaction-ID: 397bb0ee831d450589c869b7ff2fb728X-Log-Request-Resource-Count: 1X-Log-Response-Resource-Count: 1X-Log-Resource-Type: countsX-Log-Service-Execution-Time: 281Content-Length: 21Cache-Control: privateContent-Type: application/jsonConnection: Close
main INFO  request.Post - TestID: 0274
main INFO  request.Post - POST Request: http://localhost:1133/v1/people/count
main INFO  utils.Utilities - Here are the response headers: Server: ASP.NET Development Server/10.0.0.0Date: Thu, 03 Jan 2013 23:50:17 GMTX-AspNet-Version: 4.0.30319X-Transaction-ID: c669ab39f25e4b21b4dcefeef222f3adX-Log-Request-Resource-Count: 1X-Log-Response-Resource-Count: 1X-Log-Resource-Type: countsX-Log-Service-Execution-Time: 115Content-Length: 21Cache-Control: privateContent-Type: application/jsonConnection: Close
main INFO  request.Post - TestID: 0275
main INFO  request.Post - POST Request: http://localhost:1133/v1/people/count
main INFO  utils.Utilities - Here are the response headers: Server: ASP.NET Development Server/10.0.0.0Date: Thu, 03 Jan 2013 23:50:18 GMTX-AspNet-Version: 4.0.30319X-Transaction-ID: 158c133c06214bc7a67e00a583a8bfa1X-Log-Request-Resource-Count: 1X-Log-Response-Resource-Count: 1X-Log-Resource-Type: countsX-Log-Service-Execution-Time: 324Content-Length: 21Cache-Control: privateContent-Type: application/jsonConnection: Close
main INFO  request.Post - TestID: 0276
main INFO  request.Post - POST Request: http://localhost:1133/v1/people/count
main INFO  utils.Utilities - Here are the response headers: Server: ASP.NET Development Server/10.0.0.0Date: Thu, 03 Jan 2013 23:50:19 GMTX-AspNet-Version: 4.0.30319X-Transaction-ID: 53e13dde03e74b75b8159901fefadfcaX-Log-Request-Resource-Count: 1X-Log-Response-Resource-Count: 1X-Log-Resource-Type: countsX-Log-Service-Execution-Time: 124Content-Length: 21Cache-Control: privateContent-Type: application/jsonConnection: Close
main INFO  request.Post - TestID: 0277
main INFO  request.Post - POST Request: http://localhost:1133/v1/people/count
main INFO  utils.Utilities - Here are the response headers: Server: ASP.NET Development Server/10.0.0.0Date: Thu, 03 Jan 2013 23:50:20 GMTX-AspNet-Version: 4.0.30319X-Transaction-ID: ca91d83711114a429999dfa10ef94d2bX-Log-Request-Resource-Count: 1X-Log-Response-Resource-Count: 1X-Log-Resource-Type: countsX-Log-Service-Execution-Time: 289Content-Length: 22Cache-Control: privateContent-Type: application/jsonConnection: Close
main INFO  request.Post - TestID: 0278
main INFO  request.Post - POST Request: http://localhost:1133/v1/people/count
main INFO  utils.Utilities - Here are the response headers: Server: ASP.NET Development Server/10.0.0.0Date: Thu, 03 Jan 2013 23:50:21 GMTX-AspNet-Version: 4.0.30319X-Transaction-ID: c40a7147f1f847b181ba296fa3b3379fX-Log-Request-Resource-Count: 1X-Log-Response-Resource-Count: 1X-Log-Resource-Type: countsX-Log-Service-Execution-Time: 130Content-Length: 21Cache-Control: privateContent-Type: application/jsonConnection: Close
main INFO  request.Post - TestID: 0279
main INFO  request.Post - POST Request: http://localhost:1133/v1/people/count
main INFO  utils.Utilities - Here are the response headers: Server: ASP.NET Development Server/10.0.0.0Date: Thu, 03 Jan 2013 23:50:22 GMTX-AspNet-Version: 4.0.30319X-Transaction-ID: 49c18f37d37140d8b30698186a34c404X-Log-Request-Resource-Count: 1X-Log-Response-Resource-Count: 1X-Log-Resource-Type: countsX-Log-Service-Execution-Time: 198Content-Length: 21Cache-Control: privateContent-Type: application/jsonConnection: Close
main INFO  request.Post - TestID: 0280
main INFO  request.Post - POST Request: http://localhost:1133/v1/people/count
main INFO  utils.Utilities - Here are the response headers: Server: ASP.NET Development Server/10.0.0.0Date: Thu, 03 Jan 2013 23:50:22 GMTX-AspNet-Version: 4.0.30319X-Transaction-ID: 49c90545f0f748b08ca901db35721acbX-Log-Request-Resource-Count: 1X-Log-Response-Resource-Count: 1X-Log-Resource-Type: countsX-Log-Service-Execution-Time: 112Content-Length: 20Cache-Control: privateContent-Type: application/jsonConnection: Close
main INFO  request.Post - TestID: 0281
main INFO  request.Post - POST Request: http://localhost:1133/v1/people/count
main INFO  utils.Utilities - Here are the response headers: Server: ASP.NET Development Server/10.0.0.0Date: Thu, 03 Jan 2013 23:50:23 GMTX-AspNet-Version: 4.0.30319X-Transaction-ID: 29f657c4c0e74b9c83381fb6d13f5202X-Log-Request-Resource-Count: 1X-Log-Response-Resource-Count: 1X-Log-Resource-Type: countsX-Log-Service-Execution-Time: 215Content-Length: 21Cache-Control: privateContent-Type: application/jsonConnection: Close
main INFO  request.Post - TestID: 0282
main INFO  request.Post - POST Request: http://localhost:1133/v1/people/count
main INFO  utils.Utilities - Here are the response headers: Server: ASP.NET Development Server/10.0.0.0Date: Thu, 03 Jan 2013 23:50:24 GMTX-AspNet-Version: 4.0.30319X-Transaction-ID: 1e2847537b2e4f0caf0c7ebaab7bc0f7X-Log-Request-Resource-Count: 1X-Log-Response-Resource-Count: 1X-Log-Resource-Type: countsX-Log-Service-Execution-Time: 119Content-Length: 21Cache-Control: privateContent-Type: application/jsonConnection: Close
main INFO  request.Post - TestID: 0283
main INFO  request.Post - POST Request: http://localhost:1133/v1/people/count
[...]
main INFO  request.Post - TestID: 0580
main INFO  request.Post - POST Request: http://localhost:1133/v1/people/count
main INFO  utils.Utilities - Here are the response headers: Server: ASP.NET Development Server/10.0.0.0Date: Thu, 03 Jan 2013 23:55:04 GMTX-AspNet-Version: 4.0.30319X-Transaction-ID: b60d5ba41bbd471f9c5d5ad9f7ef9136X-Log-Request-Resource-Count: 1X-Log-Response-Resource-Count: 1X-Log-Resource-Type: countsX-Log-Service-Execution-Time: 159Content-Length: 22Cache-Control: privateContent-Type: application/jsonConnection: Close
main INFO  request.Post - TestID: 0581
main INFO  request.Post - POST Request: http://localhost:1133/v1/people/count
main INFO  utils.Utilities - Here are the response headers: Server: ASP.NET Development Server/10.0.0.0Date: Thu, 03 Jan 2013 23:55:05 GMTX-AspNet-Version: 4.0.30319X-Transaction-ID: 1af3d8a6e348420c99f017a6c34ff607X-Log-Request-Resource-Count: 1X-Log-Response-Resource-Count: 1X-Log-Resource-Type: countsX-Log-Service-Execution-Time: 205Content-Length: 22Cache-Control: privateContent-Type: application/jsonConnection: Close
main INFO  request.Post - TestID: 0582
main INFO  request.Post - POST Request: http://localhost:1133/v1/people/count
main INFO  utils.Utilities - Here are the response headers: Server: ASP.NET Development Server/10.0.0.0Date: Thu, 03 Jan 2013 23:55:05 GMTX-AspNet-Version: 4.0.30319X-Transaction-ID: f1b75ee4ffaa4c7fa0111f1774cad43fX-Log-Request-Resource-Count: 1X-Log-Response-Resource-Count: 1X-Log-Resource-Type: countsX-Log-Service-Execution-Time: 130Content-Length: 21Cache-Control: privateContent-Type: application/jsonConnection: Close
main INFO  request.Post - TestID: 0583
main INFO  request.Post - POST Request: http://localhost:1133/v1/people/count
main INFO  utils.Utilities - Here are the response headers: Server: ASP.NET Development Server/10.0.0.0Date: Thu, 03 Jan 2013 23:55:06 GMTX-AspNet-Version: 4.0.30319X-Transaction-ID: 1d96537ebd4c4624980f6a4778a0ca01X-Log-Request-Resource-Count: 1X-Log-Response-Resource-Count: 1X-Log-Resource-Type: countsX-Log-Service-Execution-Time: 153Content-Length: 22Cache-Control: privateContent-Type: application/jsonConnection: Close
main INFO  request.Post - TestID: 0584
main INFO  request.Post - POST Request: http://localhost:1133/v1/people/count
main INFO  utils.Utilities - Here are the response headers: Server: ASP.NET Development Server/10.0.0.0Date: Thu, 03 Jan 2013 23:55:07 GMTX-AspNet-Version: 4.0.30319X-Transaction-ID: de58ebd7dba74b83b4fdd7f4e7a15a31X-Log-Request-Resource-Count: 1X-Log-Response-Resource-Count: 1X-Log-Resource-Type: countsX-Log-Service-Execution-Time: 135Content-Length: 21Cache-Control: privateContent-Type: application/jsonConnection: Close
main INFO  request.Post - TestID: 0585
main INFO  request.Post - POST Request: http://localhost:1133/v1/people/count
main INFO  utils.Utilities - Here are the response headers: Server: ASP.NET Development Server/10.0.0.0Date: Thu, 03 Jan 2013 23:55:08 GMTX-AspNet-Version: 4.0.30319X-Transaction-ID: f330d81f9c074146a023acce1a170f15X-Log-Request-Resource-Count: 1X-Log-Response-Resource-Count: 1X-Log-Resource-Type: countsX-Log-Service-Execution-Time: 205Content-Length: 22Cache-Control: privateContent-Type: application/jsonConnection: Close
main INFO  request.Post - TestID: 0586
main INFO  request.Post - POST Request: http://localhost:1133/v1/people/count
main INFO  utils.Utilities - Here are the response headers: Server: ASP.NET Development Server/10.0.0.0Date: Thu, 03 Jan 2013 23:55:08 GMTX-AspNet-Version: 4.0.30319X-Transaction-ID: 21f7105cf7c04d9ea01a27c6394b50b3X-Log-Request-Resource-Count: 1X-Log-Response-Resource-Count: 1X-Log-Resource-Type: countsX-Log-Service-Execution-Time: 138Content-Length: 21Cache-Control: privateContent-Type: application/jsonConnection: Close
main INFO  request.Post - TestID: 0587
main INFO  request.Post - POST Request: http://localhost:1133/v1/people/count
main INFO  utils.Utilities - Here are the response headers: Server: ASP.NET Development Server/10.0.0.0Date: Thu, 03 Jan 2013 23:55:09 GMTX-AspNet-Version: 4.0.30319X-Transaction-ID: 5d23b3988a3747ffba7792c66bf00998X-Log-Request-Resource-Count: 1X-Log-Response-Resource-Count: 1X-Log-Resource-Type: countsX-Log-Service-Execution-Time: 203Content-Length: 22Cache-Control: privateContent-Type: application/jsonConnection: Close
main INFO  request.Post - TestID: 0588
main INFO  request.Post - POST Request: http://localhost:1133/v1/people/count
main INFO  utils.Utilities - Here are the response headers: Server: ASP.NET Development Server/10.0.0.0Date: Thu, 03 Jan 2013 23:55:10 GMTX-AspNet-Version: 4.0.30319X-Transaction-ID: 9a167e3eb75048e09a37907ac81f369dX-Log-Request-Resource-Count: 1X-Log-Response-Resource-Count: 1X-Log-Resource-Type: countsX-Log-Service-Execution-Time: 161Content-Length: 22Cache-Control: privateContent-Type: application/jsonConnection: Close
main INFO  request.Post - TestID: 0589
main INFO  request.Post - POST Request: http://localhost:1133/v1/people/count
main INFO  utils.Utilities - Here are the response headers: Server: ASP.NET Development Server/10.0.0.0Date: Thu, 03 Jan 2013 23:55:11 GMTX-AspNet-Version: 4.0.30319X-Transaction-ID: 99a76bc4326448dd9d23984cba0b77eaX-Log-Request-Resource-Count: 1X-Log-Response-Resource-Count: 1X-Log-Resource-Type: countsX-Log-Service-Execution-Time: 155Content-Length: 22Cache-Control: privateContent-Type: application/jsonConnection: Close
main INFO  request.Post - TestID: 0590
main INFO  request.Post - POST Request: http://localhost:1133/v1/people/count
main INFO  utils.Utilities - Here are the response headers: Server: ASP.NET Development Server/10.0.0.0Date: Thu, 03 Jan 2013 23:55:11 GMTX-AspNet-Version: 4.0.30319X-Transaction-ID: 9255ad337be44400aec64d6869e73ba0X-Log-Request-Resource-Count: 1X-Log-Response-Resource-Count: 1X-Log-Resource-Type: countsX-Log-Service-Execution-Time: 138Content-Length: 22Cache-Control: privateContent-Type: application/jsonConnection: Close
main INFO  request.Post - TestID: 0591
main INFO  request.Post - POST Request: http://localhost:1133/v1/people/count
main INFO  utils.Utilities - Here are the response headers: Server: ASP.NET Development Server/10.0.0.0Date: Thu, 03 Jan 2013 23:55:12 GMTX-AspNet-Version: 4.0.30319X-Transaction-ID: 5e2f204b84124944bb2ba35091b17f8aX-Log-Request-Resource-Count: 1X-Log-Response-Resource-Count: 1X-Log-Resource-Type: countsX-Log-Service-Execution-Time: 171Content-Length: 22Cache-Control: privateContent-Type: application/jsonConnection: Close
main INFO  request.Post - TestID: 0592
main INFO  request.Post - POST Request: http://localhost:1133/v1/people/count
main INFO  utils.Utilities - Here are the response headers: Server: ASP.NET Development Server/10.0.0.0Date: Thu, 03 Jan 2013 23:55:13 GMTX-AspNet-Version: 4.0.30319X-Transaction-ID: a526a9bd10fb4dc6ad877a99f30708a6X-Log-Request-Resource-Count: 1X-Log-Response-Resource-Count: 1X-Log-Resource-Type: countsX-Log-Service-Execution-Time: 130Content-Length: 21Cache-Control: privateContent-Type: application/jsonConnection: Close
main INFO  request.Post - TestID: 0593
main INFO  request.Post - POST Request: http://localhost:1133/v1/people/count
main INFO  utils.Utilities - Here are the response headers: Server: ASP.NET Development Server/10.0.0.0Date: Thu, 03 Jan 2013 23:55:14 GMTX-AspNet-Version: 4.0.30319X-Transaction-ID: 1032ed189e43493f9355479df17b1549X-Log-Request-Resource-Count: 1X-Log-Response-Resource-Count: 1X-Log-Resource-Type: countsX-Log-Service-Execution-Time: 220Content-Length: 22Cache-Control: privateContent-Type: application/jsonConnection: Close
main INFO  request.Post - TestID: 0594
main INFO  request.Post - POST Request: http://localhost:1133/v1/people/count
main INFO  utils.Utilities - Here are the response headers: Server: ASP.NET Development Server/10.0.0.0Date: Thu, 03 Jan 2013 23:55:14 GMTX-AspNet-Version: 4.0.30319X-Transaction-ID: 4da32d3034a54c8b841526795f36d796X-Log-Request-Resource-Count: 1X-Log-Response-Resource-Count: 1X-Log-Resource-Type: countsX-Log-Service-Execution-Time: 162Content-Length: 21Cache-Control: privateContent-Type: application/jsonConnection: Close
main INFO  request.Post - TestID: 0595
main INFO  request.Post - POST Request: http://localhost:1133/v1/people/count
main INFO  utils.Utilities - Here are the response headers: Server: ASP.NET Development Server/10.0.0.0Date: Thu, 03 Jan 2013 23:55:15 GMTX-AspNet-Version: 4.0.30319X-Transaction-ID: 67dbb74f42084adeb1d605706d37e74bX-Log-Request-Resource-Count: 1X-Log-Response-Resource-Count: 1X-Log-Resource-Type: countsX-Log-Service-Execution-Time: 217Content-Length: 22Cache-Control: privateContent-Type: application/jsonConnection: Close
main INFO  request.Post - TestID: 0596
main INFO  request.Post - POST Request: http://localhost:1133/v1/people/count
main INFO  utils.Utilities - Here are the response headers: Server: ASP.NET Development Server/10.0.0.0Date: Thu, 03 Jan 2013 23:55:16 GMTX-AspNet-Version: 4.0.30319X-Transaction-ID: b84d05f929e74a10b24149f22f64074eX-Log-Request-Resource-Count: 1X-Log-Response-Resource-Count: 1X-Log-Resource-Type: countsX-Log-Service-Execution-Time: 159Content-Length: 22Cache-Control: privateContent-Type: application/jsonConnection: Close
main INFO  request.Post - TestID: 0597
main INFO  request.Post - POST Request: http://localhost:1133/v1/people/count
main INFO  utils.Utilities - Here are the response headers: Server: ASP.NET Development Server/10.0.0.0Date: Thu, 03 Jan 2013 23:55:17 GMTX-AspNet-Version: 4.0.30319X-Transaction-ID: 6e5fde4cabd1401693e96a19620d88a8X-Log-Request-Resource-Count: 1X-Log-Response-Resource-Count: 1X-Log-Resource-Type: countsX-Log-Service-Execution-Time: 205Content-Length: 22Cache-Control: privateContent-Type: application/jsonConnection: Close
main INFO  request.Post - TestID: 0598
main INFO  request.Post - POST Request: http://localhost:1133/v1/people/count
main INFO  utils.Utilities - Here are the response headers: Server: ASP.NET Development Server/10.0.0.0Date: Thu, 03 Jan 2013 23:55:18 GMTX-AspNet-Version: 4.0.30319X-Transaction-ID: 832172782fa34eac860a9e0f63772f73X-Log-Request-Resource-Count: 1X-Log-Response-Resource-Count: 1X-Log-Resource-Type: countsX-Log-Service-Execution-Time: 129Content-Length: 21Cache-Control: privateContent-Type: application/jsonConnection: Close
main INFO  request.Post - TestID: 0599
main INFO  request.Post - POST Request: http://localhost:1133/v1/people/count
main INFO  utils.Utilities - Here are the response headers: Server: ASP.NET Development Server/10.0.0.0Date: Thu, 03 Jan 2013 23:55:19 GMTX-AspNet-Version: 4.0.30319X-Transaction-ID: 1923ec6ad74049a5a720e550cf88caadX-Log-Request-Resource-Count: 1X-Log-Response-Resource-Count: 1X-Log-Resource-Type: countsX-Log-Service-Execution-Time: 214Content-Length: 22Cache-Control: privateContent-Type: application/jsonConnection: Close
main INFO  request.Post - TestID: 0600
main INFO  request.Post - POST Request: http://localhost:1133/v1/people/count
main INFO  utils.Utilities - Here are the response headers: Server: ASP.NET Development Server/10.0.0.0Date: Thu, 03 Jan 2013 23:55:19 GMTX-AspNet-Version: 4.0.30319X-Transaction-ID: d87542f10a9c4f58bd487cbe0c340442X-Log-Request-Resource-Count: 1X-Log-Response-Resource-Count: 1X-Log-Resource-Type: countsX-Log-Service-Execution-Time: 138Content-Length: 21Cache-Control: privateContent-Type: application/jsonConnection: Close
main INFO  request.Post - TestID: 0601
main INFO  request.Post - POST Request: http://localhost:1133/v1/people/count
main INFO  utils.Utilities - Here are the response headers: Server: ASP.NET Development Server/10.0.0.0Date: Thu, 03 Jan 2013 23:55:20 GMTX-AspNet-Version: 4.0.30319X-Transaction-ID: 622b79de6d954673b410355b954111e1X-Log-Request-Resource-Count: 1X-Log-Response-Resource-Count: 1X-Log-Resource-Type: countsX-Log-Service-Execution-Time: 217Content-Length: 22Cache-Control: privateContent-Type: application/jsonConnection: Close
main INFO  request.Post - TestID: 0602
main INFO  request.Post - POST Request: http://localhost:1133/v1/people/count
main INFO  utils.Utilities - Here are the response headers: Server: ASP.NET Development Server/10.0.0.0Date: Thu, 03 Jan 2013 23:55:21 GMTX-AspNet-Version: 4.0.30319X-Transaction-ID: 974cf551fd6d438388c6aa94c612e3feX-Log-Request-Resource-Count: 1X-Log-Response-Resource-Count: 1X-Log-Resource-Type: countsX-Log-Service-Execution-Time: 123Content-Length: 21Cache-Control: privateContent-Type: application/jsonConnection: Close
main INFO  request.Post - TestID: 0603
main INFO  request.Post - POST Request: http://localhost:1133/v1/people/count
main INFO  utils.Utilities - Here are the response headers: Server: ASP.NET Development Server/10.0.0.0Date: Thu, 03 Jan 2013 23:55:22 GMTX-AspNet-Version: 4.0.30319X-Transaction-ID: 653d0364b160468f9b3ed0f733ea6a8fX-Log-Request-Resource-Count: 1X-Log-Response-Resource-Count: 1X-Log-Resource-Type: countsX-Log-Service-Execution-Time: 213Content-Length: 22Cache-Control: privateContent-Type: application/jsonConnection: Close
main INFO  request.Post - TestID: 0604
main INFO  request.Post - POST Request: http://localhost:1133/v1/people/count
main INFO  utils.Utilities - Here are the response headers: Server: ASP.NET Development Server/10.0.0.0Date: Thu, 03 Jan 2013 23:55:23 GMTX-AspNet-Version: 4.0.30319X-Transaction-ID: 728ad069a1fd45068e1c54c6c86f7a70X-Log-Request-Resource-Count: 1X-Log-Response-Resource-Count: 1X-Log-Resource-Type: countsX-Log-Service-Execution-Time: 153Content-Length: 22Cache-Control: privateContent-Type: application/jsonConnection: Close
main INFO  request.Post - TestID: 0605
main INFO  request.Post - POST Request: http://localhost:1133/v1/people/count
main INFO  utils.Utilities - Here are the response headers: Server: ASP.NET Development Server/10.0.0.0Date: Thu, 03 Jan 2013 23:55:24 GMTX-AspNet-Version: 4.0.30319X-Transaction-ID: 48f09c4eb4e74a01ade7c6f26a46c8c6X-Log-Request-Resource-Count: 1X-Log-Response-Resource-Count: 1X-Log-Resource-Type: countsX-Log-Service-Execution-Time: 206Content-Length: 22Cache-Control: privateContent-Type: application/jsonConnection: Close
main INFO  request.Post - TestID: 0606
main INFO  request.Post - POST Request: http://localhost:1133/v1/people/count
main INFO  utils.Utilities - Here are the response headers: Server: ASP.NET Development Server/10.0.0.0Date: Thu, 03 Jan 2013 23:55:24 GMTX-AspNet-Version: 4.0.30319X-Transaction-ID: 697576dc8e3d4b8fbc9dded604c4b43bX-Log-Request-Resource-Count: 1X-Log-Response-Resource-Count: 1X-Log-Resource-Type: countsX-Log-Service-Execution-Time: 149Content-Length: 22Cache-Control: privateContent-Type: application/jsonConnection: Close
main INFO  request.Post - TestID: 0607
main INFO  request.Post - POST Request: http://localhost:1133/v1/people/count
main INFO  utils.Utilities - Here are the response headers: Server: ASP.NET Development Server/10.0.0.0Date: Thu, 03 Jan 2013 23:55:25 GMTX-AspNet-Version: 4.0.30319X-Transaction-ID: 7f16a44381604e118bee12ca1509ca9eX-Log-Request-Resource-Count: 1X-Log-Response-Resource-Count: 1X-Log-Resource-Type: countsX-Log-Service-Execution-Time: 203Content-Length: 22Cache-Control: privateContent-Type: application/jsonConnection: Close
main INFO  request.Post - TestID: 0608
main INFO  request.Post - POST Request: http://localhost:1133/v1/people/count
main INFO  utils.Utilities - Here are the response headers: Server: ASP.NET Development Server/10.0.0.0Date: Thu, 03 Jan 2013 23:55:26 GMTX-AspNet-Version: 4.0.30319X-Transaction-ID: 596a089cadcf4dfaa66014502f70305aX-Log-Request-Resource-Count: 1X-Log-Response-Resource-Count: 1X-Log-Resource-Type: countsX-Log-Service-Execution-Time: 148Content-Length: 22Cache-Control: privateContent-Type: application/jsonConnection: Close
main INFO  request.Post - TestID: 0609
main INFO  request.Post - POST Request: http://localhost:1133/v1/people/count
main INFO  utils.Utilities - Here are the response headers: Server: ASP.NET Development Server/10.0.0.0Date: Thu, 03 Jan 2013 23:55:27 GMTX-AspNet-Version: 4.0.30319X-Transaction-ID: 0c7c34ef9a94496c837096c60821687cX-Log-Request-Resource-Count: 1X-Log-Response-Resource-Count: 1X-Log-Resource-Type: countsX-Log-Service-Execution-Time: 210Content-Length: 22Cache-Control: privateContent-Type: application/jsonConnection: Close
main INFO  request.Post - TestID: 0610
main INFO  request.Post - POST Request: http://localhost:1133/v1/people/count
main INFO  utils.Utilities - Here are the response headers: Server: ASP.NET Development Server/10.0.0.0Date: Thu, 03 Jan 2013 23:55:27 GMTX-AspNet-Version: 4.0.30319X-Transaction-ID: cde5d6db8e3d493f8a5d0112078dc912X-Log-Request-Resource-Count: 1X-Log-Response-Resource-Count: 1X-Log-Resource-Type: countsX-Log-Service-Execution-Time: 118Content-Length: 21Cache-Control: privateContent-Type: application/jsonConnection: Close
main INFO  request.Post - TestID: 0611
main INFO  request.Post - POST Request: http://localhost:1133/v1/people/count
main INFO  utils.Utilities - Here are the response headers: Server: ASP.NET Development Server/10.0.0.0Date: Thu, 03 Jan 2013 23:55:28 GMTX-AspNet-Version: 4.0.30319X-Transaction-ID: 5b6bbb73f3604427bab18e7ac663bd91X-Log-Request-Resource-Count: 1X-Log-Response-Resource-Count: 1X-Log-Resource-Type: countsX-Log-Service-Execution-Time: 193Content-Length: 183Cache-Control: privateContent-Type: application/xmlConnection: Close
main INFO  request.Post - TestID: 0612
main INFO  request.Post - POST Request: http://localhost:1133/v1/people/count
main INFO  utils.Utilities - Here are the response headers: Server: ASP.NET Development Server/10.0.0.0Date: Thu, 03 Jan 2013 23:55:29 GMTX-AspNet-Version: 4.0.30319X-Transaction-ID: 84fb34bc0a7e42e2ac5a7a42b33642d0X-Log-Request-Resource-Count: 1X-Log-Response-Resource-Count: 1X-Log-Resource-Type: countsX-Log-Service-Execution-Time: 208Content-Length: 16Cache-Control: privateContent-Type: application/jsonConnection: Close
main INFO  request.Post - TestID: 0613
main INFO  request.Post - POST Request: http://localhost:1133/v1/people/count
main INFO  utils.Utilities - Here are the response headers: Server: ASP.NET Development Server/10.0.0.0Date: Thu, 03 Jan 2013 23:55:30 GMTX-AspNet-Version: 4.0.30319X-Transaction-ID: 41b3631670b14b52a7ad23505553415cX-Log-Request-Resource-Count: 1X-Log-Response-Resource-Count: 1X-Log-Resource-Type: countsX-Log-Service-Execution-Time: 117Content-Length: 184Cache-Control: privateContent-Type: application/xmlConnection: Close
main INFO  request.Post - TestID: 0614
main INFO  request.Post - POST Request: http://localhost:1133/v1/people/count
main INFO  utils.Utilities - Here are the response headers: Server: ASP.NET Development Server/10.0.0.0Date: Thu, 03 Jan 2013 23:55:35 GMTX-AspNet-Version: 4.0.30319X-Transaction-ID: dbfa80af2eac4dd4a8267071c50c15bfX-Log-Request-Resource-Count: 1X-Log-Response-Resource-Count: 1X-Log-Resource-Type: countsX-Log-Service-Execution-Time: 1336Content-Length: 19Cache-Control: privateContent-Type: application/jsonConnection: Close
main INFO  request.Post - TestID: 0615
main INFO  request.Post - POST Request: http://localhost:1133/v1/people/count
main INFO  utils.Utilities - Here are the response headers: Server: ASP.NET Development Server/10.0.0.0Date: Thu, 03 Jan 2013 23:55:36 GMTX-AspNet-Version: 4.0.30319X-Transaction-ID: c9b9ae401e364a9584567e62711d1a74X-Log-Request-Resource-Count: 1X-Log-Response-Resource-Count: 1X-Log-Resource-Type: countsX-Log-Service-Execution-Time: 166Content-Length: 185Cache-Control: privateContent-Type: application/xmlConnection: Close
]]></system-out>

      <system-err><![CDATA[]]></system-err>

  </testsuite>
</testsuites>
